CRITICAL - 2024-04-21 16:05:25 --> ErrorException: Undefined variable $input
in APPPATH\Controllers\SoloParentController.php on line 15.
 1 APPPATH\Controllers\SoloParentController.php(15): CodeIgniter\Debug\Exceptions->errorHandler(2, 'Undefined variable $input', 'C:\\laragon\\www\\CAPSTONEBACKEND\\app\\Controllers\\SoloParentController.php', 15)
 2 SYSTEMPATH\CodeIgniter.php(941): App\Controllers\SoloParentController->submitApplication()
 3 SYSTEMPATH\CodeIgniter.php(502): CodeIgniter\CodeIgniter->runController(Object(App\Controllers\SoloParentController))
 4 SYSTEMPATH\CodeIgniter.php(361): CodeIgniter\CodeIgniter->handleRequest(null, Object(Config\Cache), false)
 5 FCPATH\index.php(85): CodeIgniter\CodeIgniter->run()
 6 SYSTEMPATH\Commands\Server\rewrite.php(47): require_once('C:\\laragon\\www\\CAPSTONEBACKEND\\public\\index.php')
CRITICAL - 2024-04-21 16:05:49 --> ErrorException: Undefined variable $input
in APPPATH\Controllers\SoloParentController.php on line 15.
 1 APPPATH\Controllers\SoloParentController.php(15): CodeIgniter\Debug\Exceptions->errorHandler(2, 'Undefined variable $input', 'C:\\laragon\\www\\CAPSTONEBACKEND\\app\\Controllers\\SoloParentController.php', 15)
 2 SYSTEMPATH\CodeIgniter.php(941): App\Controllers\SoloParentController->submitApplication()
 3 SYSTEMPATH\CodeIgniter.php(502): CodeIgniter\CodeIgniter->runController(Object(App\Controllers\SoloParentController))
 4 SYSTEMPATH\CodeIgniter.php(361): CodeIgniter\CodeIgniter->handleRequest(null, Object(Config\Cache), false)
 5 FCPATH\index.php(85): CodeIgniter\CodeIgniter->run()
 6 SYSTEMPATH\Commands\Server\rewrite.php(47): require_once('C:\\laragon\\www\\CAPSTONEBACKEND\\public\\index.php')
CRITICAL - 2024-04-21 16:05:55 --> ErrorException: Undefined variable $input
in APPPATH\Controllers\SoloParentController.php on line 15.
 1 APPPATH\Controllers\SoloParentController.php(15): CodeIgniter\Debug\Exceptions->errorHandler(2, 'Undefined variable $input', 'C:\\laragon\\www\\CAPSTONEBACKEND\\app\\Controllers\\SoloParentController.php', 15)
 2 SYSTEMPATH\CodeIgniter.php(941): App\Controllers\SoloParentController->submitApplication()
 3 SYSTEMPATH\CodeIgniter.php(502): CodeIgniter\CodeIgniter->runController(Object(App\Controllers\SoloParentController))
 4 SYSTEMPATH\CodeIgniter.php(361): CodeIgniter\CodeIgniter->handleRequest(null, Object(Config\Cache), false)
 5 FCPATH\index.php(85): CodeIgniter\CodeIgniter->run()
 6 SYSTEMPATH\Commands\Server\rewrite.php(47): require_once('C:\\laragon\\www\\CAPSTONEBACKEND\\public\\index.php')
CRITICAL - 2024-04-21 16:05:55 --> ErrorException: Undefined variable $input
in APPPATH\Controllers\SoloParentController.php on line 15.
 1 APPPATH\Controllers\SoloParentController.php(15): CodeIgniter\Debug\Exceptions->errorHandler(2, 'Undefined variable $input', 'C:\\laragon\\www\\CAPSTONEBACKEND\\app\\Controllers\\SoloParentController.php', 15)
 2 SYSTEMPATH\CodeIgniter.php(941): App\Controllers\SoloParentController->submitApplication()
 3 SYSTEMPATH\CodeIgniter.php(502): CodeIgniter\CodeIgniter->runController(Object(App\Controllers\SoloParentController))
 4 SYSTEMPATH\CodeIgniter.php(361): CodeIgniter\CodeIgniter->handleRequest(null, Object(Config\Cache), false)
 5 FCPATH\index.php(85): CodeIgniter\CodeIgniter->run()
 6 SYSTEMPATH\Commands\Server\rewrite.php(47): require_once('C:\\laragon\\www\\CAPSTONEBACKEND\\public\\index.php')
CRITICAL - 2024-04-21 16:05:56 --> ErrorException: Undefined variable $input
in APPPATH\Controllers\SoloParentController.php on line 15.
 1 APPPATH\Controllers\SoloParentController.php(15): CodeIgniter\Debug\Exceptions->errorHandler(2, 'Undefined variable $input', 'C:\\laragon\\www\\CAPSTONEBACKEND\\app\\Controllers\\SoloParentController.php', 15)
 2 SYSTEMPATH\CodeIgniter.php(941): App\Controllers\SoloParentController->submitApplication()
 3 SYSTEMPATH\CodeIgniter.php(502): CodeIgniter\CodeIgniter->runController(Object(App\Controllers\SoloParentController))
 4 SYSTEMPATH\CodeIgniter.php(361): CodeIgniter\CodeIgniter->handleRequest(null, Object(Config\Cache), false)
 5 FCPATH\index.php(85): CodeIgniter\CodeIgniter->run()
 6 SYSTEMPATH\Commands\Server\rewrite.php(47): require_once('C:\\laragon\\www\\CAPSTONEBACKEND\\public\\index.php')
CRITICAL - 2024-04-21 16:05:56 --> ErrorException: Undefined variable $input
in APPPATH\Controllers\SoloParentController.php on line 15.
 1 APPPATH\Controllers\SoloParentController.php(15): CodeIgniter\Debug\Exceptions->errorHandler(2, 'Undefined variable $input', 'C:\\laragon\\www\\CAPSTONEBACKEND\\app\\Controllers\\SoloParentController.php', 15)
 2 SYSTEMPATH\CodeIgniter.php(941): App\Controllers\SoloParentController->submitApplication()
 3 SYSTEMPATH\CodeIgniter.php(502): CodeIgniter\CodeIgniter->runController(Object(App\Controllers\SoloParentController))
 4 SYSTEMPATH\CodeIgniter.php(361): CodeIgniter\CodeIgniter->handleRequest(null, Object(Config\Cache), false)
 5 FCPATH\index.php(85): CodeIgniter\CodeIgniter->run()
 6 SYSTEMPATH\Commands\Server\rewrite.php(47): require_once('C:\\laragon\\www\\CAPSTONEBACKEND\\public\\index.php')
CRITICAL - 2024-04-21 16:05:56 --> ErrorException: Undefined variable $input
in APPPATH\Controllers\SoloParentController.php on line 15.
 1 APPPATH\Controllers\SoloParentController.php(15): CodeIgniter\Debug\Exceptions->errorHandler(2, 'Undefined variable $input', 'C:\\laragon\\www\\CAPSTONEBACKEND\\app\\Controllers\\SoloParentController.php', 15)
 2 SYSTEMPATH\CodeIgniter.php(941): App\Controllers\SoloParentController->submitApplication()
 3 SYSTEMPATH\CodeIgniter.php(502): CodeIgniter\CodeIgniter->runController(Object(App\Controllers\SoloParentController))
 4 SYSTEMPATH\CodeIgniter.php(361): CodeIgniter\CodeIgniter->handleRequest(null, Object(Config\Cache), false)
 5 FCPATH\index.php(85): CodeIgniter\CodeIgniter->run()
 6 SYSTEMPATH\Commands\Server\rewrite.php(47): require_once('C:\\laragon\\www\\CAPSTONEBACKEND\\public\\index.php')
CRITICAL - 2024-04-21 16:06:17 --> ErrorException: Undefined variable $input
in APPPATH\Controllers\SoloParentController.php on line 15.
 1 APPPATH\Controllers\SoloParentController.php(15): CodeIgniter\Debug\Exceptions->errorHandler(2, 'Undefined variable $input', 'C:\\laragon\\www\\CAPSTONEBACKEND\\app\\Controllers\\SoloParentController.php', 15)
 2 SYSTEMPATH\CodeIgniter.php(941): App\Controllers\SoloParentController->submitApplication()
 3 SYSTEMPATH\CodeIgniter.php(502): CodeIgniter\CodeIgniter->runController(Object(App\Controllers\SoloParentController))
 4 SYSTEMPATH\CodeIgniter.php(361): CodeIgniter\CodeIgniter->handleRequest(null, Object(Config\Cache), false)
 5 FCPATH\index.php(85): CodeIgniter\CodeIgniter->run()
 6 SYSTEMPATH\Commands\Server\rewrite.php(47): require_once('C:\\laragon\\www\\CAPSTONEBACKEND\\public\\index.php')
CRITICAL - 2024-04-21 16:06:17 --> ErrorException: Undefined variable $input
in APPPATH\Controllers\SoloParentController.php on line 15.
 1 APPPATH\Controllers\SoloParentController.php(15): CodeIgniter\Debug\Exceptions->errorHandler(2, 'Undefined variable $input', 'C:\\laragon\\www\\CAPSTONEBACKEND\\app\\Controllers\\SoloParentController.php', 15)
 2 SYSTEMPATH\CodeIgniter.php(941): App\Controllers\SoloParentController->submitApplication()
 3 SYSTEMPATH\CodeIgniter.php(502): CodeIgniter\CodeIgniter->runController(Object(App\Controllers\SoloParentController))
 4 SYSTEMPATH\CodeIgniter.php(361): CodeIgniter\CodeIgniter->handleRequest(null, Object(Config\Cache), false)
 5 FCPATH\index.php(85): CodeIgniter\CodeIgniter->run()
 6 SYSTEMPATH\Commands\Server\rewrite.php(47): require_once('C:\\laragon\\www\\CAPSTONEBACKEND\\public\\index.php')
CRITICAL - 2024-04-21 16:06:17 --> ErrorException: Undefined variable $input
in APPPATH\Controllers\SoloParentController.php on line 15.
 1 APPPATH\Controllers\SoloParentController.php(15): CodeIgniter\Debug\Exceptions->errorHandler(2, 'Undefined variable $input', 'C:\\laragon\\www\\CAPSTONEBACKEND\\app\\Controllers\\SoloParentController.php', 15)
 2 SYSTEMPATH\CodeIgniter.php(941): App\Controllers\SoloParentController->submitApplication()
 3 SYSTEMPATH\CodeIgniter.php(502): CodeIgniter\CodeIgniter->runController(Object(App\Controllers\SoloParentController))
 4 SYSTEMPATH\CodeIgniter.php(361): CodeIgniter\CodeIgniter->handleRequest(null, Object(Config\Cache), false)
 5 FCPATH\index.php(85): CodeIgniter\CodeIgniter->run()
 6 SYSTEMPATH\Commands\Server\rewrite.php(47): require_once('C:\\laragon\\www\\CAPSTONEBACKEND\\public\\index.php')
CRITICAL - 2024-04-21 16:06:32 --> ErrorException: Undefined variable $input
in APPPATH\Controllers\SoloParentController.php on line 15.
 1 APPPATH\Controllers\SoloParentController.php(15): CodeIgniter\Debug\Exceptions->errorHandler(2, 'Undefined variable $input', 'C:\\laragon\\www\\CAPSTONEBACKEND\\app\\Controllers\\SoloParentController.php', 15)
 2 SYSTEMPATH\CodeIgniter.php(941): App\Controllers\SoloParentController->submitApplication()
 3 SYSTEMPATH\CodeIgniter.php(502): CodeIgniter\CodeIgniter->runController(Object(App\Controllers\SoloParentController))
 4 SYSTEMPATH\CodeIgniter.php(361): CodeIgniter\CodeIgniter->handleRequest(null, Object(Config\Cache), false)
 5 FCPATH\index.php(85): CodeIgniter\CodeIgniter->run()
 6 SYSTEMPATH\Commands\Server\rewrite.php(47): require_once('C:\\laragon\\www\\CAPSTONEBACKEND\\public\\index.php')
CRITICAL - 2024-04-21 16:06:33 --> ErrorException: Undefined variable $input
in APPPATH\Controllers\SoloParentController.php on line 15.
 1 APPPATH\Controllers\SoloParentController.php(15): CodeIgniter\Debug\Exceptions->errorHandler(2, 'Undefined variable $input', 'C:\\laragon\\www\\CAPSTONEBACKEND\\app\\Controllers\\SoloParentController.php', 15)
 2 SYSTEMPATH\CodeIgniter.php(941): App\Controllers\SoloParentController->submitApplication()
 3 SYSTEMPATH\CodeIgniter.php(502): CodeIgniter\CodeIgniter->runController(Object(App\Controllers\SoloParentController))
 4 SYSTEMPATH\CodeIgniter.php(361): CodeIgniter\CodeIgniter->handleRequest(null, Object(Config\Cache), false)
 5 FCPATH\index.php(85): CodeIgniter\CodeIgniter->run()
 6 SYSTEMPATH\Commands\Server\rewrite.php(47): require_once('C:\\laragon\\www\\CAPSTONEBACKEND\\public\\index.php')
CRITICAL - 2024-04-21 16:06:33 --> ErrorException: Undefined variable $input
in APPPATH\Controllers\SoloParentController.php on line 15.
 1 APPPATH\Controllers\SoloParentController.php(15): CodeIgniter\Debug\Exceptions->errorHandler(2, 'Undefined variable $input', 'C:\\laragon\\www\\CAPSTONEBACKEND\\app\\Controllers\\SoloParentController.php', 15)
 2 SYSTEMPATH\CodeIgniter.php(941): App\Controllers\SoloParentController->submitApplication()
 3 SYSTEMPATH\CodeIgniter.php(502): CodeIgniter\CodeIgniter->runController(Object(App\Controllers\SoloParentController))
 4 SYSTEMPATH\CodeIgniter.php(361): CodeIgniter\CodeIgniter->handleRequest(null, Object(Config\Cache), false)
 5 FCPATH\index.php(85): CodeIgniter\CodeIgniter->run()
 6 SYSTEMPATH\Commands\Server\rewrite.php(47): require_once('C:\\laragon\\www\\CAPSTONEBACKEND\\public\\index.php')
CRITICAL - 2024-04-21 16:06:33 --> ErrorException: Undefined variable $input
in APPPATH\Controllers\SoloParentController.php on line 15.
 1 APPPATH\Controllers\SoloParentController.php(15): CodeIgniter\Debug\Exceptions->errorHandler(2, 'Undefined variable $input', 'C:\\laragon\\www\\CAPSTONEBACKEND\\app\\Controllers\\SoloParentController.php', 15)
 2 SYSTEMPATH\CodeIgniter.php(941): App\Controllers\SoloParentController->submitApplication()
 3 SYSTEMPATH\CodeIgniter.php(502): CodeIgniter\CodeIgniter->runController(Object(App\Controllers\SoloParentController))
 4 SYSTEMPATH\CodeIgniter.php(361): CodeIgniter\CodeIgniter->handleRequest(null, Object(Config\Cache), false)
 5 FCPATH\index.php(85): CodeIgniter\CodeIgniter->run()
 6 SYSTEMPATH\Commands\Server\rewrite.php(47): require_once('C:\\laragon\\www\\CAPSTONEBACKEND\\public\\index.php')
CRITICAL - 2024-04-21 16:06:42 --> ErrorException: Undefined variable $input
in APPPATH\Controllers\SoloParentController.php on line 15.
 1 APPPATH\Controllers\SoloParentController.php(15): CodeIgniter\Debug\Exceptions->errorHandler(2, 'Undefined variable $input', 'C:\\laragon\\www\\CAPSTONEBACKEND\\app\\Controllers\\SoloParentController.php', 15)
 2 SYSTEMPATH\CodeIgniter.php(941): App\Controllers\SoloParentController->submitApplication()
 3 SYSTEMPATH\CodeIgniter.php(502): CodeIgniter\CodeIgniter->runController(Object(App\Controllers\SoloParentController))
 4 SYSTEMPATH\CodeIgniter.php(361): CodeIgniter\CodeIgniter->handleRequest(null, Object(Config\Cache), false)
 5 FCPATH\index.php(85): CodeIgniter\CodeIgniter->run()
 6 SYSTEMPATH\Commands\Server\rewrite.php(47): require_once('C:\\laragon\\www\\CAPSTONEBACKEND\\public\\index.php')
CRITICAL - 2024-04-21 16:07:28 --> Error: Call to a member function isValid() on null
in APPPATH\Controllers\SoloParentController.php on line 23.
 1 SYSTEMPATH\CodeIgniter.php(941): App\Controllers\SoloParentController->submitApplication()
 2 SYSTEMPATH\CodeIgniter.php(502): CodeIgniter\CodeIgniter->runController(Object(App\Controllers\SoloParentController))
 3 SYSTEMPATH\CodeIgniter.php(361): CodeIgniter\CodeIgniter->handleRequest(null, Object(Config\Cache), false)
 4 FCPATH\index.php(85): CodeIgniter\CodeIgniter->run()
 5 SYSTEMPATH\Commands\Server\rewrite.php(47): require_once('C:\\laragon\\www\\CAPSTONEBACKEND\\public\\index.php')
CRITICAL - 2024-04-21 16:07:30 --> Error: Call to a member function isValid() on null
in APPPATH\Controllers\SoloParentController.php on line 23.
 1 SYSTEMPATH\CodeIgniter.php(941): App\Controllers\SoloParentController->submitApplication()
 2 SYSTEMPATH\CodeIgniter.php(502): CodeIgniter\CodeIgniter->runController(Object(App\Controllers\SoloParentController))
 3 SYSTEMPATH\CodeIgniter.php(361): CodeIgniter\CodeIgniter->handleRequest(null, Object(Config\Cache), false)
 4 FCPATH\index.php(85): CodeIgniter\CodeIgniter->run()
 5 SYSTEMPATH\Commands\Server\rewrite.php(47): require_once('C:\\laragon\\www\\CAPSTONEBACKEND\\public\\index.php')
CRITICAL - 2024-04-21 16:07:30 --> Error: Call to a member function isValid() on null
in APPPATH\Controllers\SoloParentController.php on line 23.
 1 SYSTEMPATH\CodeIgniter.php(941): App\Controllers\SoloParentController->submitApplication()
 2 SYSTEMPATH\CodeIgniter.php(502): CodeIgniter\CodeIgniter->runController(Object(App\Controllers\SoloParentController))
 3 SYSTEMPATH\CodeIgniter.php(361): CodeIgniter\CodeIgniter->handleRequest(null, Object(Config\Cache), false)
 4 FCPATH\index.php(85): CodeIgniter\CodeIgniter->run()
 5 SYSTEMPATH\Commands\Server\rewrite.php(47): require_once('C:\\laragon\\www\\CAPSTONEBACKEND\\public\\index.php')
CRITICAL - 2024-04-21 16:07:30 --> Error: Call to a member function isValid() on null
in APPPATH\Controllers\SoloParentController.php on line 23.
 1 SYSTEMPATH\CodeIgniter.php(941): App\Controllers\SoloParentController->submitApplication()
 2 SYSTEMPATH\CodeIgniter.php(502): CodeIgniter\CodeIgniter->runController(Object(App\Controllers\SoloParentController))
 3 SYSTEMPATH\CodeIgniter.php(361): CodeIgniter\CodeIgniter->handleRequest(null, Object(Config\Cache), false)
 4 FCPATH\index.php(85): CodeIgniter\CodeIgniter->run()
 5 SYSTEMPATH\Commands\Server\rewrite.php(47): require_once('C:\\laragon\\www\\CAPSTONEBACKEND\\public\\index.php')
CRITICAL - 2024-04-21 16:07:30 --> Error: Call to a member function isValid() on null
in APPPATH\Controllers\SoloParentController.php on line 23.
 1 SYSTEMPATH\CodeIgniter.php(941): App\Controllers\SoloParentController->submitApplication()
 2 SYSTEMPATH\CodeIgniter.php(502): CodeIgniter\CodeIgniter->runController(Object(App\Controllers\SoloParentController))
 3 SYSTEMPATH\CodeIgniter.php(361): CodeIgniter\CodeIgniter->handleRequest(null, Object(Config\Cache), false)
 4 FCPATH\index.php(85): CodeIgniter\CodeIgniter->run()
 5 SYSTEMPATH\Commands\Server\rewrite.php(47): require_once('C:\\laragon\\www\\CAPSTONEBACKEND\\public\\index.php')
CRITICAL - 2024-04-21 16:07:31 --> Error: Call to a member function isValid() on null
in APPPATH\Controllers\SoloParentController.php on line 23.
 1 SYSTEMPATH\CodeIgniter.php(941): App\Controllers\SoloParentController->submitApplication()
 2 SYSTEMPATH\CodeIgniter.php(502): CodeIgniter\CodeIgniter->runController(Object(App\Controllers\SoloParentController))
 3 SYSTEMPATH\CodeIgniter.php(361): CodeIgniter\CodeIgniter->handleRequest(null, Object(Config\Cache), false)
 4 FCPATH\index.php(85): CodeIgniter\CodeIgniter->run()
 5 SYSTEMPATH\Commands\Server\rewrite.php(47): require_once('C:\\laragon\\www\\CAPSTONEBACKEND\\public\\index.php')
CRITICAL - 2024-04-21 16:07:31 --> Error: Call to a member function isValid() on null
in APPPATH\Controllers\SoloParentController.php on line 23.
 1 SYSTEMPATH\CodeIgniter.php(941): App\Controllers\SoloParentController->submitApplication()
 2 SYSTEMPATH\CodeIgniter.php(502): CodeIgniter\CodeIgniter->runController(Object(App\Controllers\SoloParentController))
 3 SYSTEMPATH\CodeIgniter.php(361): CodeIgniter\CodeIgniter->handleRequest(null, Object(Config\Cache), false)
 4 FCPATH\index.php(85): CodeIgniter\CodeIgniter->run()
 5 SYSTEMPATH\Commands\Server\rewrite.php(47): require_once('C:\\laragon\\www\\CAPSTONEBACKEND\\public\\index.php')
CRITICAL - 2024-04-21 16:07:31 --> Error: Call to a member function isValid() on null
in APPPATH\Controllers\SoloParentController.php on line 23.
 1 SYSTEMPATH\CodeIgniter.php(941): App\Controllers\SoloParentController->submitApplication()
 2 SYSTEMPATH\CodeIgniter.php(502): CodeIgniter\CodeIgniter->runController(Object(App\Controllers\SoloParentController))
 3 SYSTEMPATH\CodeIgniter.php(361): CodeIgniter\CodeIgniter->handleRequest(null, Object(Config\Cache), false)
 4 FCPATH\index.php(85): CodeIgniter\CodeIgniter->run()
 5 SYSTEMPATH\Commands\Server\rewrite.php(47): require_once('C:\\laragon\\www\\CAPSTONEBACKEND\\public\\index.php')
CRITICAL - 2024-04-21 16:08:58 --> Error: Call to a member function isValid() on null
in APPPATH\Controllers\SoloParentController.php on line 23.
 1 SYSTEMPATH\CodeIgniter.php(941): App\Controllers\SoloParentController->submitApplication()
 2 SYSTEMPATH\CodeIgniter.php(502): CodeIgniter\CodeIgniter->runController(Object(App\Controllers\SoloParentController))
 3 SYSTEMPATH\CodeIgniter.php(361): CodeIgniter\CodeIgniter->handleRequest(null, Object(Config\Cache), false)
 4 FCPATH\index.php(85): CodeIgniter\CodeIgniter->run()
 5 SYSTEMPATH\Commands\Server\rewrite.php(47): require_once('C:\\laragon\\www\\CAPSTONEBACKEND\\public\\index.php')
CRITICAL - 2024-04-21 16:09:06 --> Error: Call to a member function isValid() on null
in APPPATH\Controllers\SoloParentController.php on line 23.
 1 SYSTEMPATH\CodeIgniter.php(941): App\Controllers\SoloParentController->submitApplication()
 2 SYSTEMPATH\CodeIgniter.php(502): CodeIgniter\CodeIgniter->runController(Object(App\Controllers\SoloParentController))
 3 SYSTEMPATH\CodeIgniter.php(361): CodeIgniter\CodeIgniter->handleRequest(null, Object(Config\Cache), false)
 4 FCPATH\index.php(85): CodeIgniter\CodeIgniter->run()
 5 SYSTEMPATH\Commands\Server\rewrite.php(47): require_once('C:\\laragon\\www\\CAPSTONEBACKEND\\public\\index.php')
CRITICAL - 2024-04-21 16:09:06 --> Error: Call to a member function isValid() on null
in APPPATH\Controllers\SoloParentController.php on line 23.
 1 SYSTEMPATH\CodeIgniter.php(941): App\Controllers\SoloParentController->submitApplication()
 2 SYSTEMPATH\CodeIgniter.php(502): CodeIgniter\CodeIgniter->runController(Object(App\Controllers\SoloParentController))
 3 SYSTEMPATH\CodeIgniter.php(361): CodeIgniter\CodeIgniter->handleRequest(null, Object(Config\Cache), false)
 4 FCPATH\index.php(85): CodeIgniter\CodeIgniter->run()
 5 SYSTEMPATH\Commands\Server\rewrite.php(47): require_once('C:\\laragon\\www\\CAPSTONEBACKEND\\public\\index.php')
CRITICAL - 2024-04-21 16:09:06 --> Error: Call to a member function isValid() on null
in APPPATH\Controllers\SoloParentController.php on line 23.
 1 SYSTEMPATH\CodeIgniter.php(941): App\Controllers\SoloParentController->submitApplication()
 2 SYSTEMPATH\CodeIgniter.php(502): CodeIgniter\CodeIgniter->runController(Object(App\Controllers\SoloParentController))
 3 SYSTEMPATH\CodeIgniter.php(361): CodeIgniter\CodeIgniter->handleRequest(null, Object(Config\Cache), false)
 4 FCPATH\index.php(85): CodeIgniter\CodeIgniter->run()
 5 SYSTEMPATH\Commands\Server\rewrite.php(47): require_once('C:\\laragon\\www\\CAPSTONEBACKEND\\public\\index.php')
CRITICAL - 2024-04-21 16:09:06 --> Error: Call to a member function isValid() on null
in APPPATH\Controllers\SoloParentController.php on line 23.
 1 SYSTEMPATH\CodeIgniter.php(941): App\Controllers\SoloParentController->submitApplication()
 2 SYSTEMPATH\CodeIgniter.php(502): CodeIgniter\CodeIgniter->runController(Object(App\Controllers\SoloParentController))
 3 SYSTEMPATH\CodeIgniter.php(361): CodeIgniter\CodeIgniter->handleRequest(null, Object(Config\Cache), false)
 4 FCPATH\index.php(85): CodeIgniter\CodeIgniter->run()
 5 SYSTEMPATH\Commands\Server\rewrite.php(47): require_once('C:\\laragon\\www\\CAPSTONEBACKEND\\public\\index.php')
CRITICAL - 2024-04-21 16:10:37 --> Error: Call to a member function isValid() on null
in APPPATH\Controllers\SoloParentController.php on line 23.
 1 SYSTEMPATH\CodeIgniter.php(941): App\Controllers\SoloParentController->submitApplication()
 2 SYSTEMPATH\CodeIgniter.php(502): CodeIgniter\CodeIgniter->runController(Object(App\Controllers\SoloParentController))
 3 SYSTEMPATH\CodeIgniter.php(361): CodeIgniter\CodeIgniter->handleRequest(null, Object(Config\Cache), false)
 4 FCPATH\index.php(85): CodeIgniter\CodeIgniter->run()
 5 SYSTEMPATH\Commands\Server\rewrite.php(47): require_once('C:\\laragon\\www\\CAPSTONEBACKEND\\public\\index.php')
CRITICAL - 2024-04-21 16:11:12 --> ErrorException: Undefined variable $input
in APPPATH\Controllers\SoloParentController.php on line 15.
 1 APPPATH\Controllers\SoloParentController.php(15): CodeIgniter\Debug\Exceptions->errorHandler(2, 'Undefined variable $input', 'C:\\laragon\\www\\CAPSTONEBACKEND\\app\\Controllers\\SoloParentController.php', 15)
 2 SYSTEMPATH\CodeIgniter.php(941): App\Controllers\SoloParentController->submitApplication()
 3 SYSTEMPATH\CodeIgniter.php(502): CodeIgniter\CodeIgniter->runController(Object(App\Controllers\SoloParentController))
 4 SYSTEMPATH\CodeIgniter.php(361): CodeIgniter\CodeIgniter->handleRequest(null, Object(Config\Cache), false)
 5 FCPATH\index.php(85): CodeIgniter\CodeIgniter->run()
 6 SYSTEMPATH\Commands\Server\rewrite.php(47): require_once('C:\\laragon\\www\\CAPSTONEBACKEND\\public\\index.php')
CRITICAL - 2024-04-21 16:11:41 --> ErrorException: Undefined variable $input
in APPPATH\Controllers\SoloParentController.php on line 15.
 1 APPPATH\Controllers\SoloParentController.php(15): CodeIgniter\Debug\Exceptions->errorHandler(2, 'Undefined variable $input', 'C:\\laragon\\www\\CAPSTONEBACKEND\\app\\Controllers\\SoloParentController.php', 15)
 2 SYSTEMPATH\CodeIgniter.php(941): App\Controllers\SoloParentController->submitApplication()
 3 SYSTEMPATH\CodeIgniter.php(502): CodeIgniter\CodeIgniter->runController(Object(App\Controllers\SoloParentController))
 4 SYSTEMPATH\CodeIgniter.php(361): CodeIgniter\CodeIgniter->handleRequest(null, Object(Config\Cache), false)
 5 FCPATH\index.php(85): CodeIgniter\CodeIgniter->run()
 6 SYSTEMPATH\Commands\Server\rewrite.php(47): require_once('C:\\laragon\\www\\CAPSTONEBACKEND\\public\\index.php')
CRITICAL - 2024-04-21 16:11:41 --> ErrorException: Undefined variable $input
in APPPATH\Controllers\SoloParentController.php on line 15.
 1 APPPATH\Controllers\SoloParentController.php(15): CodeIgniter\Debug\Exceptions->errorHandler(2, 'Undefined variable $input', 'C:\\laragon\\www\\CAPSTONEBACKEND\\app\\Controllers\\SoloParentController.php', 15)
 2 SYSTEMPATH\CodeIgniter.php(941): App\Controllers\SoloParentController->submitApplication()
 3 SYSTEMPATH\CodeIgniter.php(502): CodeIgniter\CodeIgniter->runController(Object(App\Controllers\SoloParentController))
 4 SYSTEMPATH\CodeIgniter.php(361): CodeIgniter\CodeIgniter->handleRequest(null, Object(Config\Cache), false)
 5 FCPATH\index.php(85): CodeIgniter\CodeIgniter->run()
 6 SYSTEMPATH\Commands\Server\rewrite.php(47): require_once('C:\\laragon\\www\\CAPSTONEBACKEND\\public\\index.php')
CRITICAL - 2024-04-21 16:12:14 --> ErrorException: Undefined variable $data
in APPPATH\Controllers\SoloParentController.php on line 15.
 1 APPPATH\Controllers\SoloParentController.php(15): CodeIgniter\Debug\Exceptions->errorHandler(2, 'Undefined variable $data', 'C:\\laragon\\www\\CAPSTONEBACKEND\\app\\Controllers\\SoloParentController.php', 15)
 2 SYSTEMPATH\CodeIgniter.php(941): App\Controllers\SoloParentController->submitApplication()
 3 SYSTEMPATH\CodeIgniter.php(502): CodeIgniter\CodeIgniter->runController(Object(App\Controllers\SoloParentController))
 4 SYSTEMPATH\CodeIgniter.php(361): CodeIgniter\CodeIgniter->handleRequest(null, Object(Config\Cache), false)
 5 FCPATH\index.php(85): CodeIgniter\CodeIgniter->run()
 6 SYSTEMPATH\Commands\Server\rewrite.php(47): require_once('C:\\laragon\\www\\CAPSTONEBACKEND\\public\\index.php')
CRITICAL - 2024-04-21 16:13:03 --> Error: Call to a member function isValid() on null
in APPPATH\Controllers\SoloParentController.php on line 45.
 1 APPPATH\Controllers\SoloParentController.php(22): App\Controllers\SoloParentController->handleFileUpload('incomeProof')
 2 SYSTEMPATH\CodeIgniter.php(941): App\Controllers\SoloParentController->submitApplication()
 3 SYSTEMPATH\CodeIgniter.php(502): CodeIgniter\CodeIgniter->runController(Object(App\Controllers\SoloParentController))
 4 SYSTEMPATH\CodeIgniter.php(361): CodeIgniter\CodeIgniter->handleRequest(null, Object(Config\Cache), false)
 5 FCPATH\index.php(85): CodeIgniter\CodeIgniter->run()
 6 SYSTEMPATH\Commands\Server\rewrite.php(47): require_once('C:\\laragon\\www\\CAPSTONEBACKEND\\public\\index.php')
ERROR - 2024-04-21 16:13:56 --> mysqli_sql_exception: You have an error in your SQL syntax; check the manual that corresponds to your MySQL server version for the right syntax to use near ') VALUES ('johnjessie S deniega', '111@gmail.com', '09455283039', 'ilag san teod' at line 1 in C:\laragon\www\CAPSTONEBACKEND\system\Database\MySQLi\Connection.php:306
Stack trace:
#0 C:\laragon\www\CAPSTONEBACKEND\system\Database\MySQLi\Connection.php(306): mysqli->query('INSERT INTO `so...', 0)
#1 C:\laragon\www\CAPSTONEBACKEND\system\Database\BaseConnection.php(693): CodeIgniter\Database\MySQLi\Connection->execute('INSERT INTO `so...')
#2 C:\laragon\www\CAPSTONEBACKEND\system\Database\BaseConnection.php(607): CodeIgniter\Database\BaseConnection->simpleQuery('INSERT INTO `so...')
#3 C:\laragon\www\CAPSTONEBACKEND\system\Database\BaseBuilder.php(2302): CodeIgniter\Database\BaseConnection->query('INSERT INTO `so...', Array, false)
#4 C:\laragon\www\CAPSTONEBACKEND\system\Model.php(326): CodeIgniter\Database\BaseBuilder->insert()
#5 C:\laragon\www\CAPSTONEBACKEND\system\BaseModel.php(802): CodeIgniter\Model->doInsert(Array)
#6 C:\laragon\www\CAPSTONEBACKEND\system\Model.php(744): CodeIgniter\BaseModel->insert(Array, true)
#7 C:\laragon\www\CAPSTONEBACKEND\app\Controllers\SoloParentController.php(36): CodeIgniter\Model->insert(Array)
#8 C:\laragon\www\CAPSTONEBACKEND\system\CodeIgniter.php(941): App\Controllers\SoloParentController->submitApplication()
#9 C:\laragon\www\CAPSTONEBACKEND\system\CodeIgniter.php(502): CodeIgniter\CodeIgniter->runController(Object(App\Controllers\SoloParentController))
#10 C:\laragon\www\CAPSTONEBACKEND\system\CodeIgniter.php(361): CodeIgniter\CodeIgniter->handleRequest(NULL, Object(Config\Cache), false)
#11 C:\laragon\www\CAPSTONEBACKEND\public\index.php(85): CodeIgniter\CodeIgniter->run()
#12 C:\laragon\www\CAPSTONEBACKEND\system\Commands\Server\rewrite.php(47): require_once('C:\\laragon\\www\\...')
#13 {main}
CRITICAL - 2024-04-21 16:13:56 --> CodeIgniter\Database\Exceptions\DatabaseException: You have an error in your SQL syntax; check the manual that corresponds to your MySQL server version for the right syntax to use near ') VALUES ('johnjessie S deniega', '111@gmail.com', '09455283039', 'ilag san teod' at line 1
in SYSTEMPATH\Database\BaseConnection.php on line 647.
 1 SYSTEMPATH\Database\BaseBuilder.php(2302): CodeIgniter\Database\BaseConnection->query('INSERT INTO `solo_parent_applications` (`applicant_name`, `applicant_email`, `phone_number`, `address`, `number_of_children`, `income_proof_path`, `created_at`, ) VALUES (:applicant_name:, :applicant_email:, :phone_number:, :address:, :number_of_children:, :income_proof_path:, :created_at:, ::)', [...], false)
 2 SYSTEMPATH\Model.php(326): CodeIgniter\Database\BaseBuilder->insert()
 3 SYSTEMPATH\BaseModel.php(802): CodeIgniter\Model->doInsert([...])
 4 SYSTEMPATH\Model.php(744): CodeIgniter\BaseModel->insert([...], true)
 5 APPPATH\Controllers\SoloParentController.php(36): CodeIgniter\Model->insert([...])
 6 SYSTEMPATH\CodeIgniter.php(941): App\Controllers\SoloParentController->submitApplication()
 7 SYSTEMPATH\CodeIgniter.php(502): CodeIgniter\CodeIgniter->runController(Object(App\Controllers\SoloParentController))
 8 SYSTEMPATH\CodeIgniter.php(361): CodeIgniter\CodeIgniter->handleRequest(null, Object(Config\Cache), false)
 9 FCPATH\index.php(85): CodeIgniter\CodeIgniter->run()
10 SYSTEMPATH\Commands\Server\rewrite.php(47): require_once('C:\\laragon\\www\\CAPSTONEBACKEND\\public\\index.php')
CRITICAL - 2024-04-21 16:13:56 --> [Caused by] CodeIgniter\Database\Exceptions\DatabaseException: You have an error in your SQL syntax; check the manual that corresponds to your MySQL server version for the right syntax to use near ') VALUES ('johnjessie S deniega', '111@gmail.com', '09455283039', 'ilag san teod' at line 1
in SYSTEMPATH\Database\MySQLi\Connection.php on line 311.
 1 SYSTEMPATH\Database\BaseConnection.php(693): CodeIgniter\Database\MySQLi\Connection->execute('INSERT INTO `solo_parent_applications` (`applicant_name`, `applicant_email`, `phone_number`, `address`, `number_of_children`, `income_proof_path`, `created_at`, ) VALUES (\'johnjessie S deniega\', \'111@gmail.com\', \'09455283039\', \'ilag san teodoro oriental mindoro\', \'12\', NULL, \'2024-04-21 16:13:56\', \'2024-04-21 16:13:56\')')
 2 SYSTEMPATH\Database\BaseConnection.php(607): CodeIgniter\Database\BaseConnection->simpleQuery('INSERT INTO `solo_parent_applications` (`applicant_name`, `applicant_email`, `phone_number`, `address`, `number_of_children`, `income_proof_path`, `created_at`, ) VALUES (\'johnjessie S deniega\', \'111@gmail.com\', \'09455283039\', \'ilag san teodoro oriental mindoro\', \'12\', NULL, \'2024-04-21 16:13:56\', \'2024-04-21 16:13:56\')')
 3 SYSTEMPATH\Database\BaseBuilder.php(2302): CodeIgniter\Database\BaseConnection->query('INSERT INTO `solo_parent_applications` (`applicant_name`, `applicant_email`, `phone_number`, `address`, `number_of_children`, `income_proof_path`, `created_at`, ) VALUES (:applicant_name:, :applicant_email:, :phone_number:, :address:, :number_of_children:, :income_proof_path:, :created_at:, ::)', [...], false)
 4 SYSTEMPATH\Model.php(326): CodeIgniter\Database\BaseBuilder->insert()
 5 SYSTEMPATH\BaseModel.php(802): CodeIgniter\Model->doInsert([...])
 6 SYSTEMPATH\Model.php(744): CodeIgniter\BaseModel->insert([...], true)
 7 APPPATH\Controllers\SoloParentController.php(36): CodeIgniter\Model->insert([...])
 8 SYSTEMPATH\CodeIgniter.php(941): App\Controllers\SoloParentController->submitApplication()
 9 SYSTEMPATH\CodeIgniter.php(502): CodeIgniter\CodeIgniter->runController(Object(App\Controllers\SoloParentController))
10 SYSTEMPATH\CodeIgniter.php(361): CodeIgniter\CodeIgniter->handleRequest(null, Object(Config\Cache), false)
11 FCPATH\index.php(85): CodeIgniter\CodeIgniter->run()
12 SYSTEMPATH\Commands\Server\rewrite.php(47): require_once('C:\\laragon\\www\\CAPSTONEBACKEND\\public\\index.php')
CRITICAL - 2024-04-21 16:13:56 --> [Caused by] mysqli_sql_exception: You have an error in your SQL syntax; check the manual that corresponds to your MySQL server version for the right syntax to use near ') VALUES ('johnjessie S deniega', '111@gmail.com', '09455283039', 'ilag san teod' at line 1
in SYSTEMPATH\Database\MySQLi\Connection.php on line 306.
 1 SYSTEMPATH\Database\MySQLi\Connection.php(306): mysqli->query('INSERT INTO `solo_parent_applications` (`applicant_name`, `applicant_email`, `phone_number`, `address`, `number_of_children`, `income_proof_path`, `created_at`, ) VALUES (\'johnjessie S deniega\', \'111@gmail.com\', \'09455283039\', \'ilag san teodoro oriental mindoro\', \'12\', NULL, \'2024-04-21 16:13:56\', \'2024-04-21 16:13:56\')', 0)
 2 SYSTEMPATH\Database\BaseConnection.php(693): CodeIgniter\Database\MySQLi\Connection->execute('INSERT INTO `solo_parent_applications` (`applicant_name`, `applicant_email`, `phone_number`, `address`, `number_of_children`, `income_proof_path`, `created_at`, ) VALUES (\'johnjessie S deniega\', \'111@gmail.com\', \'09455283039\', \'ilag san teodoro oriental mindoro\', \'12\', NULL, \'2024-04-21 16:13:56\', \'2024-04-21 16:13:56\')')
 3 SYSTEMPATH\Database\BaseConnection.php(607): CodeIgniter\Database\BaseConnection->simpleQuery('INSERT INTO `solo_parent_applications` (`applicant_name`, `applicant_email`, `phone_number`, `address`, `number_of_children`, `income_proof_path`, `created_at`, ) VALUES (\'johnjessie S deniega\', \'111@gmail.com\', \'09455283039\', \'ilag san teodoro oriental mindoro\', \'12\', NULL, \'2024-04-21 16:13:56\', \'2024-04-21 16:13:56\')')
 4 SYSTEMPATH\Database\BaseBuilder.php(2302): CodeIgniter\Database\BaseConnection->query('INSERT INTO `solo_parent_applications` (`applicant_name`, `applicant_email`, `phone_number`, `address`, `number_of_children`, `income_proof_path`, `created_at`, ) VALUES (:applicant_name:, :applicant_email:, :phone_number:, :address:, :number_of_children:, :income_proof_path:, :created_at:, ::)', [...], false)
 5 SYSTEMPATH\Model.php(326): CodeIgniter\Database\BaseBuilder->insert()
 6 SYSTEMPATH\BaseModel.php(802): CodeIgniter\Model->doInsert([...])
 7 SYSTEMPATH\Model.php(744): CodeIgniter\BaseModel->insert([...], true)
 8 APPPATH\Controllers\SoloParentController.php(36): CodeIgniter\Model->insert([...])
 9 SYSTEMPATH\CodeIgniter.php(941): App\Controllers\SoloParentController->submitApplication()
10 SYSTEMPATH\CodeIgniter.php(502): CodeIgniter\CodeIgniter->runController(Object(App\Controllers\SoloParentController))
11 SYSTEMPATH\CodeIgniter.php(361): CodeIgniter\CodeIgniter->handleRequest(null, Object(Config\Cache), false)
12 FCPATH\index.php(85): CodeIgniter\CodeIgniter->run()
13 SYSTEMPATH\Commands\Server\rewrite.php(47): require_once('C:\\laragon\\www\\CAPSTONEBACKEND\\public\\index.php')
ERROR - 2024-04-21 16:15:04 --> mysqli_sql_exception: You have an error in your SQL syntax; check the manual that corresponds to your MySQL server version for the right syntax to use near ') VALUES ('johnjessie S deniega', '111@gmail.com', '09455283039', 'ilag san teod' at line 1 in C:\laragon\www\CAPSTONEBACKEND\system\Database\MySQLi\Connection.php:306
Stack trace:
#0 C:\laragon\www\CAPSTONEBACKEND\system\Database\MySQLi\Connection.php(306): mysqli->query('INSERT INTO `so...', 0)
#1 C:\laragon\www\CAPSTONEBACKEND\system\Database\BaseConnection.php(693): CodeIgniter\Database\MySQLi\Connection->execute('INSERT INTO `so...')
#2 C:\laragon\www\CAPSTONEBACKEND\system\Database\BaseConnection.php(607): CodeIgniter\Database\BaseConnection->simpleQuery('INSERT INTO `so...')
#3 C:\laragon\www\CAPSTONEBACKEND\system\Database\BaseBuilder.php(2302): CodeIgniter\Database\BaseConnection->query('INSERT INTO `so...', Array, false)
#4 C:\laragon\www\CAPSTONEBACKEND\system\Model.php(326): CodeIgniter\Database\BaseBuilder->insert()
#5 C:\laragon\www\CAPSTONEBACKEND\system\BaseModel.php(802): CodeIgniter\Model->doInsert(Array)
#6 C:\laragon\www\CAPSTONEBACKEND\system\Model.php(744): CodeIgniter\BaseModel->insert(Array, true)
#7 C:\laragon\www\CAPSTONEBACKEND\app\Controllers\SoloParentController.php(37): CodeIgniter\Model->insert(Array)
#8 C:\laragon\www\CAPSTONEBACKEND\system\CodeIgniter.php(941): App\Controllers\SoloParentController->submitApplication()
#9 C:\laragon\www\CAPSTONEBACKEND\system\CodeIgniter.php(502): CodeIgniter\CodeIgniter->runController(Object(App\Controllers\SoloParentController))
#10 C:\laragon\www\CAPSTONEBACKEND\system\CodeIgniter.php(361): CodeIgniter\CodeIgniter->handleRequest(NULL, Object(Config\Cache), false)
#11 C:\laragon\www\CAPSTONEBACKEND\public\index.php(85): CodeIgniter\CodeIgniter->run()
#12 C:\laragon\www\CAPSTONEBACKEND\system\Commands\Server\rewrite.php(47): require_once('C:\\laragon\\www\\...')
#13 {main}
CRITICAL - 2024-04-21 16:15:04 --> CodeIgniter\Database\Exceptions\DatabaseException: You have an error in your SQL syntax; check the manual that corresponds to your MySQL server version for the right syntax to use near ') VALUES ('johnjessie S deniega', '111@gmail.com', '09455283039', 'ilag san teod' at line 1
in SYSTEMPATH\Database\BaseConnection.php on line 647.
 1 SYSTEMPATH\Database\BaseBuilder.php(2302): CodeIgniter\Database\BaseConnection->query('INSERT INTO `solo_parent_applications` (`applicant_name`, `applicant_email`, `phone_number`, `address`, `number_of_children`, `income_proof_path`, `created_at`, ) VALUES (:applicant_name:, :applicant_email:, :phone_number:, :address:, :number_of_children:, :income_proof_path:, :created_at:, ::)', [...], false)
 2 SYSTEMPATH\Model.php(326): CodeIgniter\Database\BaseBuilder->insert()
 3 SYSTEMPATH\BaseModel.php(802): CodeIgniter\Model->doInsert([...])
 4 SYSTEMPATH\Model.php(744): CodeIgniter\BaseModel->insert([...], true)
 5 APPPATH\Controllers\SoloParentController.php(37): CodeIgniter\Model->insert([...])
 6 SYSTEMPATH\CodeIgniter.php(941): App\Controllers\SoloParentController->submitApplication()
 7 SYSTEMPATH\CodeIgniter.php(502): CodeIgniter\CodeIgniter->runController(Object(App\Controllers\SoloParentController))
 8 SYSTEMPATH\CodeIgniter.php(361): CodeIgniter\CodeIgniter->handleRequest(null, Object(Config\Cache), false)
 9 FCPATH\index.php(85): CodeIgniter\CodeIgniter->run()
10 SYSTEMPATH\Commands\Server\rewrite.php(47): require_once('C:\\laragon\\www\\CAPSTONEBACKEND\\public\\index.php')
CRITICAL - 2024-04-21 16:15:04 --> [Caused by] CodeIgniter\Database\Exceptions\DatabaseException: You have an error in your SQL syntax; check the manual that corresponds to your MySQL server version for the right syntax to use near ') VALUES ('johnjessie S deniega', '111@gmail.com', '09455283039', 'ilag san teod' at line 1
in SYSTEMPATH\Database\MySQLi\Connection.php on line 311.
 1 SYSTEMPATH\Database\BaseConnection.php(693): CodeIgniter\Database\MySQLi\Connection->execute('INSERT INTO `solo_parent_applications` (`applicant_name`, `applicant_email`, `phone_number`, `address`, `number_of_children`, `income_proof_path`, `created_at`, ) VALUES (\'johnjessie S deniega\', \'111@gmail.com\', \'09455283039\', \'ilag san teodoro oriental mindoro\', \'12\', NULL, \'2024-04-21 16:15:04\', \'2024-04-21 16:15:04\')')
 2 SYSTEMPATH\Database\BaseConnection.php(607): CodeIgniter\Database\BaseConnection->simpleQuery('INSERT INTO `solo_parent_applications` (`applicant_name`, `applicant_email`, `phone_number`, `address`, `number_of_children`, `income_proof_path`, `created_at`, ) VALUES (\'johnjessie S deniega\', \'111@gmail.com\', \'09455283039\', \'ilag san teodoro oriental mindoro\', \'12\', NULL, \'2024-04-21 16:15:04\', \'2024-04-21 16:15:04\')')
 3 SYSTEMPATH\Database\BaseBuilder.php(2302): CodeIgniter\Database\BaseConnection->query('INSERT INTO `solo_parent_applications` (`applicant_name`, `applicant_email`, `phone_number`, `address`, `number_of_children`, `income_proof_path`, `created_at`, ) VALUES (:applicant_name:, :applicant_email:, :phone_number:, :address:, :number_of_children:, :income_proof_path:, :created_at:, ::)', [...], false)
 4 SYSTEMPATH\Model.php(326): CodeIgniter\Database\BaseBuilder->insert()
 5 SYSTEMPATH\BaseModel.php(802): CodeIgniter\Model->doInsert([...])
 6 SYSTEMPATH\Model.php(744): CodeIgniter\BaseModel->insert([...], true)
 7 APPPATH\Controllers\SoloParentController.php(37): CodeIgniter\Model->insert([...])
 8 SYSTEMPATH\CodeIgniter.php(941): App\Controllers\SoloParentController->submitApplication()
 9 SYSTEMPATH\CodeIgniter.php(502): CodeIgniter\CodeIgniter->runController(Object(App\Controllers\SoloParentController))
10 SYSTEMPATH\CodeIgniter.php(361): CodeIgniter\CodeIgniter->handleRequest(null, Object(Config\Cache), false)
11 FCPATH\index.php(85): CodeIgniter\CodeIgniter->run()
12 SYSTEMPATH\Commands\Server\rewrite.php(47): require_once('C:\\laragon\\www\\CAPSTONEBACKEND\\public\\index.php')
CRITICAL - 2024-04-21 16:15:04 --> [Caused by] mysqli_sql_exception: You have an error in your SQL syntax; check the manual that corresponds to your MySQL server version for the right syntax to use near ') VALUES ('johnjessie S deniega', '111@gmail.com', '09455283039', 'ilag san teod' at line 1
in SYSTEMPATH\Database\MySQLi\Connection.php on line 306.
 1 SYSTEMPATH\Database\MySQLi\Connection.php(306): mysqli->query('INSERT INTO `solo_parent_applications` (`applicant_name`, `applicant_email`, `phone_number`, `address`, `number_of_children`, `income_proof_path`, `created_at`, ) VALUES (\'johnjessie S deniega\', \'111@gmail.com\', \'09455283039\', \'ilag san teodoro oriental mindoro\', \'12\', NULL, \'2024-04-21 16:15:04\', \'2024-04-21 16:15:04\')', 0)
 2 SYSTEMPATH\Database\BaseConnection.php(693): CodeIgniter\Database\MySQLi\Connection->execute('INSERT INTO `solo_parent_applications` (`applicant_name`, `applicant_email`, `phone_number`, `address`, `number_of_children`, `income_proof_path`, `created_at`, ) VALUES (\'johnjessie S deniega\', \'111@gmail.com\', \'09455283039\', \'ilag san teodoro oriental mindoro\', \'12\', NULL, \'2024-04-21 16:15:04\', \'2024-04-21 16:15:04\')')
 3 SYSTEMPATH\Database\BaseConnection.php(607): CodeIgniter\Database\BaseConnection->simpleQuery('INSERT INTO `solo_parent_applications` (`applicant_name`, `applicant_email`, `phone_number`, `address`, `number_of_children`, `income_proof_path`, `created_at`, ) VALUES (\'johnjessie S deniega\', \'111@gmail.com\', \'09455283039\', \'ilag san teodoro oriental mindoro\', \'12\', NULL, \'2024-04-21 16:15:04\', \'2024-04-21 16:15:04\')')
 4 SYSTEMPATH\Database\BaseBuilder.php(2302): CodeIgniter\Database\BaseConnection->query('INSERT INTO `solo_parent_applications` (`applicant_name`, `applicant_email`, `phone_number`, `address`, `number_of_children`, `income_proof_path`, `created_at`, ) VALUES (:applicant_name:, :applicant_email:, :phone_number:, :address:, :number_of_children:, :income_proof_path:, :created_at:, ::)', [...], false)
 5 SYSTEMPATH\Model.php(326): CodeIgniter\Database\BaseBuilder->insert()
 6 SYSTEMPATH\BaseModel.php(802): CodeIgniter\Model->doInsert([...])
 7 SYSTEMPATH\Model.php(744): CodeIgniter\BaseModel->insert([...], true)
 8 APPPATH\Controllers\SoloParentController.php(37): CodeIgniter\Model->insert([...])
 9 SYSTEMPATH\CodeIgniter.php(941): App\Controllers\SoloParentController->submitApplication()
10 SYSTEMPATH\CodeIgniter.php(502): CodeIgniter\CodeIgniter->runController(Object(App\Controllers\SoloParentController))
11 SYSTEMPATH\CodeIgniter.php(361): CodeIgniter\CodeIgniter->handleRequest(null, Object(Config\Cache), false)
12 FCPATH\index.php(85): CodeIgniter\CodeIgniter->run()
13 SYSTEMPATH\Commands\Server\rewrite.php(47): require_once('C:\\laragon\\www\\CAPSTONEBACKEND\\public\\index.php')
ERROR - 2024-04-21 16:17:54 --> mysqli_sql_exception: You have an error in your SQL syntax; check the manual that corresponds to your MySQL server version for the right syntax to use near ') VALUES ('1', '1@gmail.com', '1', '1', '111', '2024-04-21 16:17:54', '2024-04-2' at line 1 in C:\laragon\www\CAPSTONEBACKEND\system\Database\MySQLi\Connection.php:306
Stack trace:
#0 C:\laragon\www\CAPSTONEBACKEND\system\Database\MySQLi\Connection.php(306): mysqli->query('INSERT INTO `so...', 0)
#1 C:\laragon\www\CAPSTONEBACKEND\system\Database\BaseConnection.php(693): CodeIgniter\Database\MySQLi\Connection->execute('INSERT INTO `so...')
#2 C:\laragon\www\CAPSTONEBACKEND\system\Database\BaseConnection.php(607): CodeIgniter\Database\BaseConnection->simpleQuery('INSERT INTO `so...')
#3 C:\laragon\www\CAPSTONEBACKEND\system\Database\BaseBuilder.php(2302): CodeIgniter\Database\BaseConnection->query('INSERT INTO `so...', Array, false)
#4 C:\laragon\www\CAPSTONEBACKEND\system\Model.php(326): CodeIgniter\Database\BaseBuilder->insert()
#5 C:\laragon\www\CAPSTONEBACKEND\system\BaseModel.php(802): CodeIgniter\Model->doInsert(Array)
#6 C:\laragon\www\CAPSTONEBACKEND\system\Model.php(744): CodeIgniter\BaseModel->insert(Array, true)
#7 C:\laragon\www\CAPSTONEBACKEND\app\Controllers\SoloParentController.php(34): CodeIgniter\Model->insert(Array)
#8 C:\laragon\www\CAPSTONEBACKEND\system\CodeIgniter.php(941): App\Controllers\SoloParentController->submitApplication()
#9 C:\laragon\www\CAPSTONEBACKEND\system\CodeIgniter.php(502): CodeIgniter\CodeIgniter->runController(Object(App\Controllers\SoloParentController))
#10 C:\laragon\www\CAPSTONEBACKEND\system\CodeIgniter.php(361): CodeIgniter\CodeIgniter->handleRequest(NULL, Object(Config\Cache), false)
#11 C:\laragon\www\CAPSTONEBACKEND\public\index.php(85): CodeIgniter\CodeIgniter->run()
#12 C:\laragon\www\CAPSTONEBACKEND\system\Commands\Server\rewrite.php(47): require_once('C:\\laragon\\www\\...')
#13 {main}
CRITICAL - 2024-04-21 16:17:54 --> CodeIgniter\Database\Exceptions\DatabaseException: You have an error in your SQL syntax; check the manual that corresponds to your MySQL server version for the right syntax to use near ') VALUES ('1', '1@gmail.com', '1', '1', '111', '2024-04-21 16:17:54', '2024-04-2' at line 1
in SYSTEMPATH\Database\BaseConnection.php on line 647.
 1 SYSTEMPATH\Database\BaseBuilder.php(2302): CodeIgniter\Database\BaseConnection->query('INSERT INTO `solo_parent_applications` (`applicant_name`, `applicant_email`, `phone_number`, `address`, `number_of_children`, `created_at`, ) VALUES (:applicant_name:, :applicant_email:, :phone_number:, :address:, :number_of_children:, :created_at:, ::)', [...], false)
 2 SYSTEMPATH\Model.php(326): CodeIgniter\Database\BaseBuilder->insert()
 3 SYSTEMPATH\BaseModel.php(802): CodeIgniter\Model->doInsert([...])
 4 SYSTEMPATH\Model.php(744): CodeIgniter\BaseModel->insert([...], true)
 5 APPPATH\Controllers\SoloParentController.php(34): CodeIgniter\Model->insert([...])
 6 SYSTEMPATH\CodeIgniter.php(941): App\Controllers\SoloParentController->submitApplication()
 7 SYSTEMPATH\CodeIgniter.php(502): CodeIgniter\CodeIgniter->runController(Object(App\Controllers\SoloParentController))
 8 SYSTEMPATH\CodeIgniter.php(361): CodeIgniter\CodeIgniter->handleRequest(null, Object(Config\Cache), false)
 9 FCPATH\index.php(85): CodeIgniter\CodeIgniter->run()
10 SYSTEMPATH\Commands\Server\rewrite.php(47): require_once('C:\\laragon\\www\\CAPSTONEBACKEND\\public\\index.php')
CRITICAL - 2024-04-21 16:17:54 --> [Caused by] CodeIgniter\Database\Exceptions\DatabaseException: You have an error in your SQL syntax; check the manual that corresponds to your MySQL server version for the right syntax to use near ') VALUES ('1', '1@gmail.com', '1', '1', '111', '2024-04-21 16:17:54', '2024-04-2' at line 1
in SYSTEMPATH\Database\MySQLi\Connection.php on line 311.
 1 SYSTEMPATH\Database\BaseConnection.php(693): CodeIgniter\Database\MySQLi\Connection->execute('INSERT INTO `solo_parent_applications` (`applicant_name`, `applicant_email`, `phone_number`, `address`, `number_of_children`, `created_at`, ) VALUES (\'1\', \'1@gmail.com\', \'1\', \'1\', \'111\', \'2024-04-21 16:17:54\', \'2024-04-21 16:17:54\')')
 2 SYSTEMPATH\Database\BaseConnection.php(607): CodeIgniter\Database\BaseConnection->simpleQuery('INSERT INTO `solo_parent_applications` (`applicant_name`, `applicant_email`, `phone_number`, `address`, `number_of_children`, `created_at`, ) VALUES (\'1\', \'1@gmail.com\', \'1\', \'1\', \'111\', \'2024-04-21 16:17:54\', \'2024-04-21 16:17:54\')')
 3 SYSTEMPATH\Database\BaseBuilder.php(2302): CodeIgniter\Database\BaseConnection->query('INSERT INTO `solo_parent_applications` (`applicant_name`, `applicant_email`, `phone_number`, `address`, `number_of_children`, `created_at`, ) VALUES (:applicant_name:, :applicant_email:, :phone_number:, :address:, :number_of_children:, :created_at:, ::)', [...], false)
 4 SYSTEMPATH\Model.php(326): CodeIgniter\Database\BaseBuilder->insert()
 5 SYSTEMPATH\BaseModel.php(802): CodeIgniter\Model->doInsert([...])
 6 SYSTEMPATH\Model.php(744): CodeIgniter\BaseModel->insert([...], true)
 7 APPPATH\Controllers\SoloParentController.php(34): CodeIgniter\Model->insert([...])
 8 SYSTEMPATH\CodeIgniter.php(941): App\Controllers\SoloParentController->submitApplication()
 9 SYSTEMPATH\CodeIgniter.php(502): CodeIgniter\CodeIgniter->runController(Object(App\Controllers\SoloParentController))
10 SYSTEMPATH\CodeIgniter.php(361): CodeIgniter\CodeIgniter->handleRequest(null, Object(Config\Cache), false)
11 FCPATH\index.php(85): CodeIgniter\CodeIgniter->run()
12 SYSTEMPATH\Commands\Server\rewrite.php(47): require_once('C:\\laragon\\www\\CAPSTONEBACKEND\\public\\index.php')
CRITICAL - 2024-04-21 16:17:54 --> [Caused by] mysqli_sql_exception: You have an error in your SQL syntax; check the manual that corresponds to your MySQL server version for the right syntax to use near ') VALUES ('1', '1@gmail.com', '1', '1', '111', '2024-04-21 16:17:54', '2024-04-2' at line 1
in SYSTEMPATH\Database\MySQLi\Connection.php on line 306.
 1 SYSTEMPATH\Database\MySQLi\Connection.php(306): mysqli->query('INSERT INTO `solo_parent_applications` (`applicant_name`, `applicant_email`, `phone_number`, `address`, `number_of_children`, `created_at`, ) VALUES (\'1\', \'1@gmail.com\', \'1\', \'1\', \'111\', \'2024-04-21 16:17:54\', \'2024-04-21 16:17:54\')', 0)
 2 SYSTEMPATH\Database\BaseConnection.php(693): CodeIgniter\Database\MySQLi\Connection->execute('INSERT INTO `solo_parent_applications` (`applicant_name`, `applicant_email`, `phone_number`, `address`, `number_of_children`, `created_at`, ) VALUES (\'1\', \'1@gmail.com\', \'1\', \'1\', \'111\', \'2024-04-21 16:17:54\', \'2024-04-21 16:17:54\')')
 3 SYSTEMPATH\Database\BaseConnection.php(607): CodeIgniter\Database\BaseConnection->simpleQuery('INSERT INTO `solo_parent_applications` (`applicant_name`, `applicant_email`, `phone_number`, `address`, `number_of_children`, `created_at`, ) VALUES (\'1\', \'1@gmail.com\', \'1\', \'1\', \'111\', \'2024-04-21 16:17:54\', \'2024-04-21 16:17:54\')')
 4 SYSTEMPATH\Database\BaseBuilder.php(2302): CodeIgniter\Database\BaseConnection->query('INSERT INTO `solo_parent_applications` (`applicant_name`, `applicant_email`, `phone_number`, `address`, `number_of_children`, `created_at`, ) VALUES (:applicant_name:, :applicant_email:, :phone_number:, :address:, :number_of_children:, :created_at:, ::)', [...], false)
 5 SYSTEMPATH\Model.php(326): CodeIgniter\Database\BaseBuilder->insert()
 6 SYSTEMPATH\BaseModel.php(802): CodeIgniter\Model->doInsert([...])
 7 SYSTEMPATH\Model.php(744): CodeIgniter\BaseModel->insert([...], true)
 8 APPPATH\Controllers\SoloParentController.php(34): CodeIgniter\Model->insert([...])
 9 SYSTEMPATH\CodeIgniter.php(941): App\Controllers\SoloParentController->submitApplication()
10 SYSTEMPATH\CodeIgniter.php(502): CodeIgniter\CodeIgniter->runController(Object(App\Controllers\SoloParentController))
11 SYSTEMPATH\CodeIgniter.php(361): CodeIgniter\CodeIgniter->handleRequest(null, Object(Config\Cache), false)
12 FCPATH\index.php(85): CodeIgniter\CodeIgniter->run()
13 SYSTEMPATH\Commands\Server\rewrite.php(47): require_once('C:\\laragon\\www\\CAPSTONEBACKEND\\public\\index.php')
CRITICAL - 2024-04-21 16:18:32 --> ErrorException: Undefined variable $input
in APPPATH\Controllers\SoloParentController.php on line 15.
 1 APPPATH\Controllers\SoloParentController.php(15): CodeIgniter\Debug\Exceptions->errorHandler(2, 'Undefined variable $input', 'C:\\laragon\\www\\CAPSTONEBACKEND\\app\\Controllers\\SoloParentController.php', 15)
 2 SYSTEMPATH\CodeIgniter.php(941): App\Controllers\SoloParentController->submitApplication()
 3 SYSTEMPATH\CodeIgniter.php(502): CodeIgniter\CodeIgniter->runController(Object(App\Controllers\SoloParentController))
 4 SYSTEMPATH\CodeIgniter.php(361): CodeIgniter\CodeIgniter->handleRequest(null, Object(Config\Cache), false)
 5 FCPATH\index.php(85): CodeIgniter\CodeIgniter->run()
 6 SYSTEMPATH\Commands\Server\rewrite.php(47): require_once('C:\\laragon\\www\\CAPSTONEBACKEND\\public\\index.php')
CRITICAL - 2024-04-21 16:18:39 --> ErrorException: Undefined variable $input
in APPPATH\Controllers\SoloParentController.php on line 15.
 1 APPPATH\Controllers\SoloParentController.php(15): CodeIgniter\Debug\Exceptions->errorHandler(2, 'Undefined variable $input', 'C:\\laragon\\www\\CAPSTONEBACKEND\\app\\Controllers\\SoloParentController.php', 15)
 2 SYSTEMPATH\CodeIgniter.php(941): App\Controllers\SoloParentController->submitApplication()
 3 SYSTEMPATH\CodeIgniter.php(502): CodeIgniter\CodeIgniter->runController(Object(App\Controllers\SoloParentController))
 4 SYSTEMPATH\CodeIgniter.php(361): CodeIgniter\CodeIgniter->handleRequest(null, Object(Config\Cache), false)
 5 FCPATH\index.php(85): CodeIgniter\CodeIgniter->run()
 6 SYSTEMPATH\Commands\Server\rewrite.php(47): require_once('C:\\laragon\\www\\CAPSTONEBACKEND\\public\\index.php')
