CRITICAL - 2024-11-09 12:36:34 --> ErrorException: Undefined array key "expiresAt"
in APPPATH/Controllers/UserController.php on line 200.
 1 APPPATH/Controllers/UserController.php(200): CodeIgniter\Debug\Exceptions->errorHandler()
 2 APPPATH/Controllers/UserController.php(173): App\Controllers\UserController->isValidSession()
 3 SYSTEMPATH/CodeIgniter.php(941): App\Controllers\UserController->verifySession()
 4 SYSTEMPATH/CodeIgniter.php(502): CodeIgniter\CodeIgniter->runController()
 5 SYSTEMPATH/CodeIgniter.php(361): CodeIgniter\CodeIgniter->handleRequest()
 6 FCPATH/index.php(85): CodeIgniter\CodeIgniter->run()
CRITICAL - 2024-11-09 12:45:14 --> ErrorException: Undefined array key "expiresAt"
in APPPATH/Controllers/UserController.php on line 200.
 1 APPPATH/Controllers/UserController.php(200): CodeIgniter\Debug\Exceptions->errorHandler()
 2 APPPATH/Controllers/UserController.php(173): App\Controllers\UserController->isValidSession()
 3 SYSTEMPATH/CodeIgniter.php(941): App\Controllers\UserController->verifySession()
 4 SYSTEMPATH/CodeIgniter.php(502): CodeIgniter\CodeIgniter->runController()
 5 SYSTEMPATH/CodeIgniter.php(361): CodeIgniter\CodeIgniter->handleRequest()
 6 FCPATH/index.php(85): CodeIgniter\CodeIgniter->run()
CRITICAL - 2024-11-09 12:45:22 --> ErrorException: Undefined array key "expiresAt"
in APPPATH/Controllers/UserController.php on line 200.
 1 APPPATH/Controllers/UserController.php(200): CodeIgniter\Debug\Exceptions->errorHandler()
 2 APPPATH/Controllers/UserController.php(173): App\Controllers\UserController->isValidSession()
 3 SYSTEMPATH/CodeIgniter.php(941): App\Controllers\UserController->verifySession()
 4 SYSTEMPATH/CodeIgniter.php(502): CodeIgniter\CodeIgniter->runController()
 5 SYSTEMPATH/CodeIgniter.php(361): CodeIgniter\CodeIgniter->handleRequest()
 6 FCPATH/index.php(85): CodeIgniter\CodeIgniter->run()
CRITICAL - 2024-11-09 12:45:24 --> ErrorException: Undefined array key "expiresAt"
in APPPATH/Controllers/UserController.php on line 200.
 1 APPPATH/Controllers/UserController.php(200): CodeIgniter\Debug\Exceptions->errorHandler()
 2 APPPATH/Controllers/UserController.php(173): App\Controllers\UserController->isValidSession()
 3 SYSTEMPATH/CodeIgniter.php(941): App\Controllers\UserController->verifySession()
 4 SYSTEMPATH/CodeIgniter.php(502): CodeIgniter\CodeIgniter->runController()
 5 SYSTEMPATH/CodeIgniter.php(361): CodeIgniter\CodeIgniter->handleRequest()
 6 FCPATH/index.php(85): CodeIgniter\CodeIgniter->run()
CRITICAL - 2024-11-09 14:15:25 --> ErrorException: Undefined array key "expiresAt"
in APPPATH/Controllers/UserController.php on line 200.
 1 APPPATH/Controllers/UserController.php(200): CodeIgniter\Debug\Exceptions->errorHandler()
 2 APPPATH/Controllers/UserController.php(173): App\Controllers\UserController->isValidSession()
 3 SYSTEMPATH/CodeIgniter.php(941): App\Controllers\UserController->verifySession()
 4 SYSTEMPATH/CodeIgniter.php(502): CodeIgniter\CodeIgniter->runController()
 5 SYSTEMPATH/CodeIgniter.php(361): CodeIgniter\CodeIgniter->handleRequest()
 6 FCPATH/index.php(85): CodeIgniter\CodeIgniter->run()
CRITICAL - 2024-11-09 14:15:44 --> ErrorException: Undefined array key "expiresAt"
in APPPATH/Controllers/UserController.php on line 200.
 1 APPPATH/Controllers/UserController.php(200): CodeIgniter\Debug\Exceptions->errorHandler()
 2 APPPATH/Controllers/UserController.php(173): App\Controllers\UserController->isValidSession()
 3 SYSTEMPATH/CodeIgniter.php(941): App\Controllers\UserController->verifySession()
 4 SYSTEMPATH/CodeIgniter.php(502): CodeIgniter\CodeIgniter->runController()
 5 SYSTEMPATH/CodeIgniter.php(361): CodeIgniter\CodeIgniter->handleRequest()
 6 FCPATH/index.php(85): CodeIgniter\CodeIgniter->run()
CRITICAL - 2024-11-09 14:15:51 --> ErrorException: Undefined array key "expiresAt"
in APPPATH/Controllers/UserController.php on line 200.
 1 APPPATH/Controllers/UserController.php(200): CodeIgniter\Debug\Exceptions->errorHandler()
 2 APPPATH/Controllers/UserController.php(173): App\Controllers\UserController->isValidSession()
 3 SYSTEMPATH/CodeIgniter.php(941): App\Controllers\UserController->verifySession()
 4 SYSTEMPATH/CodeIgniter.php(502): CodeIgniter\CodeIgniter->runController()
 5 SYSTEMPATH/CodeIgniter.php(361): CodeIgniter\CodeIgniter->handleRequest()
 6 FCPATH/index.php(85): CodeIgniter\CodeIgniter->run()
CRITICAL - 2024-11-09 14:15:56 --> ErrorException: Undefined array key "expiresAt"
in APPPATH/Controllers/UserController.php on line 200.
 1 APPPATH/Controllers/UserController.php(200): CodeIgniter\Debug\Exceptions->errorHandler()
 2 APPPATH/Controllers/UserController.php(173): App\Controllers\UserController->isValidSession()
 3 SYSTEMPATH/CodeIgniter.php(941): App\Controllers\UserController->verifySession()
 4 SYSTEMPATH/CodeIgniter.php(502): CodeIgniter\CodeIgniter->runController()
 5 SYSTEMPATH/CodeIgniter.php(361): CodeIgniter\CodeIgniter->handleRequest()
 6 FCPATH/index.php(85): CodeIgniter\CodeIgniter->run()
CRITICAL - 2024-11-09 14:16:12 --> ErrorException: Undefined array key "expiresAt"
in APPPATH/Controllers/UserController.php on line 200.
 1 APPPATH/Controllers/UserController.php(200): CodeIgniter\Debug\Exceptions->errorHandler()
 2 APPPATH/Controllers/UserController.php(173): App\Controllers\UserController->isValidSession()
 3 SYSTEMPATH/CodeIgniter.php(941): App\Controllers\UserController->verifySession()
 4 SYSTEMPATH/CodeIgniter.php(502): CodeIgniter\CodeIgniter->runController()
 5 SYSTEMPATH/CodeIgniter.php(361): CodeIgniter\CodeIgniter->handleRequest()
 6 FCPATH/index.php(85): CodeIgniter\CodeIgniter->run()
CRITICAL - 2024-11-09 14:16:17 --> ErrorException: Undefined array key "expiresAt"
in APPPATH/Controllers/UserController.php on line 200.
 1 APPPATH/Controllers/UserController.php(200): CodeIgniter\Debug\Exceptions->errorHandler()
 2 APPPATH/Controllers/UserController.php(173): App\Controllers\UserController->isValidSession()
 3 SYSTEMPATH/CodeIgniter.php(941): App\Controllers\UserController->verifySession()
 4 SYSTEMPATH/CodeIgniter.php(502): CodeIgniter\CodeIgniter->runController()
 5 SYSTEMPATH/CodeIgniter.php(361): CodeIgniter\CodeIgniter->handleRequest()
 6 FCPATH/index.php(85): CodeIgniter\CodeIgniter->run()
CRITICAL - 2024-11-09 14:16:28 --> ErrorException: Undefined array key "expiresAt"
in APPPATH/Controllers/UserController.php on line 200.
 1 APPPATH/Controllers/UserController.php(200): CodeIgniter\Debug\Exceptions->errorHandler()
 2 APPPATH/Controllers/UserController.php(173): App\Controllers\UserController->isValidSession()
 3 SYSTEMPATH/CodeIgniter.php(941): App\Controllers\UserController->verifySession()
 4 SYSTEMPATH/CodeIgniter.php(502): CodeIgniter\CodeIgniter->runController()
 5 SYSTEMPATH/CodeIgniter.php(361): CodeIgniter\CodeIgniter->handleRequest()
 6 FCPATH/index.php(85): CodeIgniter\CodeIgniter->run()
CRITICAL - 2024-11-09 14:38:54 --> ErrorException: Undefined array key "expiresAt"
in APPPATH/Controllers/UserController.php on line 200.
 1 APPPATH/Controllers/UserController.php(200): CodeIgniter\Debug\Exceptions->errorHandler()
 2 APPPATH/Controllers/UserController.php(173): App\Controllers\UserController->isValidSession()
 3 SYSTEMPATH/CodeIgniter.php(941): App\Controllers\UserController->verifySession()
 4 SYSTEMPATH/CodeIgniter.php(502): CodeIgniter\CodeIgniter->runController()
 5 SYSTEMPATH/CodeIgniter.php(361): CodeIgniter\CodeIgniter->handleRequest()
 6 FCPATH/index.php(85): CodeIgniter\CodeIgniter->run()
CRITICAL - 2024-11-09 14:42:09 --> ErrorException: Undefined array key "expiresAt"
in APPPATH/Controllers/UserController.php on line 200.
 1 APPPATH/Controllers/UserController.php(200): CodeIgniter\Debug\Exceptions->errorHandler()
 2 APPPATH/Controllers/UserController.php(173): App\Controllers\UserController->isValidSession()
 3 SYSTEMPATH/CodeIgniter.php(941): App\Controllers\UserController->verifySession()
 4 SYSTEMPATH/CodeIgniter.php(502): CodeIgniter\CodeIgniter->runController()
 5 SYSTEMPATH/CodeIgniter.php(361): CodeIgniter\CodeIgniter->handleRequest()
 6 FCPATH/index.php(85): CodeIgniter\CodeIgniter->run()
CRITICAL - 2024-11-09 15:00:38 --> ErrorException: Undefined array key "expiresAt"
in APPPATH/Controllers/UserController.php on line 200.
 1 APPPATH/Controllers/UserController.php(200): CodeIgniter\Debug\Exceptions->errorHandler()
 2 APPPATH/Controllers/UserController.php(173): App\Controllers\UserController->isValidSession()
 3 SYSTEMPATH/CodeIgniter.php(941): App\Controllers\UserController->verifySession()
 4 SYSTEMPATH/CodeIgniter.php(502): CodeIgniter\CodeIgniter->runController()
 5 SYSTEMPATH/CodeIgniter.php(361): CodeIgniter\CodeIgniter->handleRequest()
 6 FCPATH/index.php(85): CodeIgniter\CodeIgniter->run()
CRITICAL - 2024-11-09 15:13:12 --> ErrorException: Undefined array key "expiresAt"
in APPPATH/Controllers/UserController.php on line 200.
 1 APPPATH/Controllers/UserController.php(200): CodeIgniter\Debug\Exceptions->errorHandler()
 2 APPPATH/Controllers/UserController.php(173): App\Controllers\UserController->isValidSession()
 3 SYSTEMPATH/CodeIgniter.php(941): App\Controllers\UserController->verifySession()
 4 SYSTEMPATH/CodeIgniter.php(502): CodeIgniter\CodeIgniter->runController()
 5 SYSTEMPATH/CodeIgniter.php(361): CodeIgniter\CodeIgniter->handleRequest()
 6 FCPATH/index.php(85): CodeIgniter\CodeIgniter->run()
CRITICAL - 2024-11-09 15:15:03 --> ErrorException: Undefined array key "expiresAt"
in APPPATH/Controllers/UserController.php on line 200.
 1 APPPATH/Controllers/UserController.php(200): CodeIgniter\Debug\Exceptions->errorHandler()
 2 APPPATH/Controllers/UserController.php(173): App\Controllers\UserController->isValidSession()
 3 SYSTEMPATH/CodeIgniter.php(941): App\Controllers\UserController->verifySession()
 4 SYSTEMPATH/CodeIgniter.php(502): CodeIgniter\CodeIgniter->runController()
 5 SYSTEMPATH/CodeIgniter.php(361): CodeIgniter\CodeIgniter->handleRequest()
 6 FCPATH/index.php(85): CodeIgniter\CodeIgniter->run()
CRITICAL - 2024-11-09 15:23:19 --> ErrorException: Undefined array key "expiresAt"
in APPPATH/Controllers/UserController.php on line 200.
 1 APPPATH/Controllers/UserController.php(200): CodeIgniter\Debug\Exceptions->errorHandler()
 2 APPPATH/Controllers/UserController.php(173): App\Controllers\UserController->isValidSession()
 3 SYSTEMPATH/CodeIgniter.php(941): App\Controllers\UserController->verifySession()
 4 SYSTEMPATH/CodeIgniter.php(502): CodeIgniter\CodeIgniter->runController()
 5 SYSTEMPATH/CodeIgniter.php(361): CodeIgniter\CodeIgniter->handleRequest()
 6 FCPATH/index.php(85): CodeIgniter\CodeIgniter->run()
CRITICAL - 2024-11-09 15:25:49 --> ErrorException: Undefined array key "expiresAt"
in APPPATH/Controllers/UserController.php on line 200.
 1 APPPATH/Controllers/UserController.php(200): CodeIgniter\Debug\Exceptions->errorHandler()
 2 APPPATH/Controllers/UserController.php(173): App\Controllers\UserController->isValidSession()
 3 SYSTEMPATH/CodeIgniter.php(941): App\Controllers\UserController->verifySession()
 4 SYSTEMPATH/CodeIgniter.php(502): CodeIgniter\CodeIgniter->runController()
 5 SYSTEMPATH/CodeIgniter.php(361): CodeIgniter\CodeIgniter->handleRequest()
 6 FCPATH/index.php(85): CodeIgniter\CodeIgniter->run()
CRITICAL - 2024-11-09 15:30:51 --> ErrorException: Undefined array key "expiresAt"
in APPPATH/Controllers/UserController.php on line 200.
 1 APPPATH/Controllers/UserController.php(200): CodeIgniter\Debug\Exceptions->errorHandler()
 2 APPPATH/Controllers/UserController.php(173): App\Controllers\UserController->isValidSession()
 3 SYSTEMPATH/CodeIgniter.php(941): App\Controllers\UserController->verifySession()
 4 SYSTEMPATH/CodeIgniter.php(502): CodeIgniter\CodeIgniter->runController()
 5 SYSTEMPATH/CodeIgniter.php(361): CodeIgniter\CodeIgniter->handleRequest()
 6 FCPATH/index.php(85): CodeIgniter\CodeIgniter->run()
CRITICAL - 2024-11-09 15:30:53 --> ErrorException: Undefined array key "expiresAt"
in APPPATH/Controllers/UserController.php on line 200.
 1 APPPATH/Controllers/UserController.php(200): CodeIgniter\Debug\Exceptions->errorHandler()
 2 APPPATH/Controllers/UserController.php(173): App\Controllers\UserController->isValidSession()
 3 SYSTEMPATH/CodeIgniter.php(941): App\Controllers\UserController->verifySession()
 4 SYSTEMPATH/CodeIgniter.php(502): CodeIgniter\CodeIgniter->runController()
 5 SYSTEMPATH/CodeIgniter.php(361): CodeIgniter\CodeIgniter->handleRequest()
 6 FCPATH/index.php(85): CodeIgniter\CodeIgniter->run()
CRITICAL - 2024-11-09 15:31:04 --> ErrorException: Undefined array key "expiresAt"
in APPPATH/Controllers/UserController.php on line 200.
 1 APPPATH/Controllers/UserController.php(200): CodeIgniter\Debug\Exceptions->errorHandler()
 2 APPPATH/Controllers/UserController.php(173): App\Controllers\UserController->isValidSession()
 3 SYSTEMPATH/CodeIgniter.php(941): App\Controllers\UserController->verifySession()
 4 SYSTEMPATH/CodeIgniter.php(502): CodeIgniter\CodeIgniter->runController()
 5 SYSTEMPATH/CodeIgniter.php(361): CodeIgniter\CodeIgniter->handleRequest()
 6 FCPATH/index.php(85): CodeIgniter\CodeIgniter->run()
CRITICAL - 2024-11-09 15:31:54 --> ErrorException: Undefined array key "expiresAt"
in APPPATH/Controllers/UserController.php on line 200.
 1 APPPATH/Controllers/UserController.php(200): CodeIgniter\Debug\Exceptions->errorHandler()
 2 APPPATH/Controllers/UserController.php(173): App\Controllers\UserController->isValidSession()
 3 SYSTEMPATH/CodeIgniter.php(941): App\Controllers\UserController->verifySession()
 4 SYSTEMPATH/CodeIgniter.php(502): CodeIgniter\CodeIgniter->runController()
 5 SYSTEMPATH/CodeIgniter.php(361): CodeIgniter\CodeIgniter->handleRequest()
 6 FCPATH/index.php(85): CodeIgniter\CodeIgniter->run()
CRITICAL - 2024-11-09 15:32:09 --> ErrorException: Undefined array key "expiresAt"
in APPPATH/Controllers/UserController.php on line 200.
 1 APPPATH/Controllers/UserController.php(200): CodeIgniter\Debug\Exceptions->errorHandler()
 2 APPPATH/Controllers/UserController.php(173): App\Controllers\UserController->isValidSession()
 3 SYSTEMPATH/CodeIgniter.php(941): App\Controllers\UserController->verifySession()
 4 SYSTEMPATH/CodeIgniter.php(502): CodeIgniter\CodeIgniter->runController()
 5 SYSTEMPATH/CodeIgniter.php(361): CodeIgniter\CodeIgniter->handleRequest()
 6 FCPATH/index.php(85): CodeIgniter\CodeIgniter->run()
CRITICAL - 2024-11-09 15:32:15 --> ErrorException: Undefined array key "expiresAt"
in APPPATH/Controllers/UserController.php on line 200.
 1 APPPATH/Controllers/UserController.php(200): CodeIgniter\Debug\Exceptions->errorHandler()
 2 APPPATH/Controllers/UserController.php(173): App\Controllers\UserController->isValidSession()
 3 SYSTEMPATH/CodeIgniter.php(941): App\Controllers\UserController->verifySession()
 4 SYSTEMPATH/CodeIgniter.php(502): CodeIgniter\CodeIgniter->runController()
 5 SYSTEMPATH/CodeIgniter.php(361): CodeIgniter\CodeIgniter->handleRequest()
 6 FCPATH/index.php(85): CodeIgniter\CodeIgniter->run()
CRITICAL - 2024-11-09 15:32:29 --> ErrorException: Undefined array key "expiresAt"
in APPPATH/Controllers/UserController.php on line 200.
 1 APPPATH/Controllers/UserController.php(200): CodeIgniter\Debug\Exceptions->errorHandler()
 2 APPPATH/Controllers/UserController.php(173): App\Controllers\UserController->isValidSession()
 3 SYSTEMPATH/CodeIgniter.php(941): App\Controllers\UserController->verifySession()
 4 SYSTEMPATH/CodeIgniter.php(502): CodeIgniter\CodeIgniter->runController()
 5 SYSTEMPATH/CodeIgniter.php(361): CodeIgniter\CodeIgniter->handleRequest()
 6 FCPATH/index.php(85): CodeIgniter\CodeIgniter->run()
CRITICAL - 2024-11-09 15:32:38 --> ErrorException: Undefined array key "expiresAt"
in APPPATH/Controllers/UserController.php on line 200.
 1 APPPATH/Controllers/UserController.php(200): CodeIgniter\Debug\Exceptions->errorHandler()
 2 APPPATH/Controllers/UserController.php(173): App\Controllers\UserController->isValidSession()
 3 SYSTEMPATH/CodeIgniter.php(941): App\Controllers\UserController->verifySession()
 4 SYSTEMPATH/CodeIgniter.php(502): CodeIgniter\CodeIgniter->runController()
 5 SYSTEMPATH/CodeIgniter.php(361): CodeIgniter\CodeIgniter->handleRequest()
 6 FCPATH/index.php(85): CodeIgniter\CodeIgniter->run()
CRITICAL - 2024-11-09 16:34:28 --> ErrorException: Undefined array key "expiresAt"
in APPPATH/Controllers/UserController.php on line 200.
 1 APPPATH/Controllers/UserController.php(200): CodeIgniter\Debug\Exceptions->errorHandler()
 2 APPPATH/Controllers/UserController.php(173): App\Controllers\UserController->isValidSession()
 3 SYSTEMPATH/CodeIgniter.php(941): App\Controllers\UserController->verifySession()
 4 SYSTEMPATH/CodeIgniter.php(502): CodeIgniter\CodeIgniter->runController()
 5 SYSTEMPATH/CodeIgniter.php(361): CodeIgniter\CodeIgniter->handleRequest()
 6 FCPATH/index.php(85): CodeIgniter\CodeIgniter->run()
CRITICAL - 2024-11-09 16:34:35 --> ErrorException: Undefined array key "expiresAt"
in APPPATH/Controllers/UserController.php on line 200.
 1 APPPATH/Controllers/UserController.php(200): CodeIgniter\Debug\Exceptions->errorHandler()
 2 APPPATH/Controllers/UserController.php(173): App\Controllers\UserController->isValidSession()
 3 SYSTEMPATH/CodeIgniter.php(941): App\Controllers\UserController->verifySession()
 4 SYSTEMPATH/CodeIgniter.php(502): CodeIgniter\CodeIgniter->runController()
 5 SYSTEMPATH/CodeIgniter.php(361): CodeIgniter\CodeIgniter->handleRequest()
 6 FCPATH/index.php(85): CodeIgniter\CodeIgniter->run()
CRITICAL - 2024-11-09 16:34:41 --> ErrorException: Undefined array key "expiresAt"
in APPPATH/Controllers/UserController.php on line 200.
 1 APPPATH/Controllers/UserController.php(200): CodeIgniter\Debug\Exceptions->errorHandler()
 2 APPPATH/Controllers/UserController.php(173): App\Controllers\UserController->isValidSession()
 3 SYSTEMPATH/CodeIgniter.php(941): App\Controllers\UserController->verifySession()
 4 SYSTEMPATH/CodeIgniter.php(502): CodeIgniter\CodeIgniter->runController()
 5 SYSTEMPATH/CodeIgniter.php(361): CodeIgniter\CodeIgniter->handleRequest()
 6 FCPATH/index.php(85): CodeIgniter\CodeIgniter->run()
CRITICAL - 2024-11-09 16:58:59 --> ErrorException: Undefined array key "expiresAt"
in APPPATH/Controllers/UserController.php on line 200.
 1 APPPATH/Controllers/UserController.php(200): CodeIgniter\Debug\Exceptions->errorHandler()
 2 APPPATH/Controllers/UserController.php(173): App\Controllers\UserController->isValidSession()
 3 SYSTEMPATH/CodeIgniter.php(941): App\Controllers\UserController->verifySession()
 4 SYSTEMPATH/CodeIgniter.php(502): CodeIgniter\CodeIgniter->runController()
 5 SYSTEMPATH/CodeIgniter.php(361): CodeIgniter\CodeIgniter->handleRequest()
 6 FCPATH/index.php(85): CodeIgniter\CodeIgniter->run()
CRITICAL - 2024-11-09 17:30:34 --> ErrorException: Undefined array key "expiresAt"
in APPPATH/Controllers/UserController.php on line 200.
 1 APPPATH/Controllers/UserController.php(200): CodeIgniter\Debug\Exceptions->errorHandler()
 2 APPPATH/Controllers/UserController.php(173): App\Controllers\UserController->isValidSession()
 3 SYSTEMPATH/CodeIgniter.php(941): App\Controllers\UserController->verifySession()
 4 SYSTEMPATH/CodeIgniter.php(502): CodeIgniter\CodeIgniter->runController()
 5 SYSTEMPATH/CodeIgniter.php(361): CodeIgniter\CodeIgniter->handleRequest()
 6 FCPATH/index.php(85): CodeIgniter\CodeIgniter->run()
CRITICAL - 2024-11-09 17:31:13 --> ErrorException: Undefined array key "expiresAt"
in APPPATH/Controllers/UserController.php on line 200.
 1 APPPATH/Controllers/UserController.php(200): CodeIgniter\Debug\Exceptions->errorHandler()
 2 APPPATH/Controllers/UserController.php(173): App\Controllers\UserController->isValidSession()
 3 SYSTEMPATH/CodeIgniter.php(941): App\Controllers\UserController->verifySession()
 4 SYSTEMPATH/CodeIgniter.php(502): CodeIgniter\CodeIgniter->runController()
 5 SYSTEMPATH/CodeIgniter.php(361): CodeIgniter\CodeIgniter->handleRequest()
 6 FCPATH/index.php(85): CodeIgniter\CodeIgniter->run()
CRITICAL - 2024-11-09 17:50:58 --> ErrorException: Undefined array key "expiresAt"
in APPPATH/Controllers/UserController.php on line 200.
 1 APPPATH/Controllers/UserController.php(200): CodeIgniter\Debug\Exceptions->errorHandler()
 2 APPPATH/Controllers/UserController.php(173): App\Controllers\UserController->isValidSession()
 3 SYSTEMPATH/CodeIgniter.php(941): App\Controllers\UserController->verifySession()
 4 SYSTEMPATH/CodeIgniter.php(502): CodeIgniter\CodeIgniter->runController()
 5 SYSTEMPATH/CodeIgniter.php(361): CodeIgniter\CodeIgniter->handleRequest()
 6 FCPATH/index.php(85): CodeIgniter\CodeIgniter->run()
CRITICAL - 2024-11-09 18:34:26 --> ErrorException: Undefined array key "expiresAt"
in APPPATH/Controllers/UserController.php on line 200.
 1 APPPATH/Controllers/UserController.php(200): CodeIgniter\Debug\Exceptions->errorHandler()
 2 APPPATH/Controllers/UserController.php(173): App\Controllers\UserController->isValidSession()
 3 SYSTEMPATH/CodeIgniter.php(941): App\Controllers\UserController->verifySession()
 4 SYSTEMPATH/CodeIgniter.php(502): CodeIgniter\CodeIgniter->runController()
 5 SYSTEMPATH/CodeIgniter.php(361): CodeIgniter\CodeIgniter->handleRequest()
 6 FCPATH/index.php(85): CodeIgniter\CodeIgniter->run()
CRITICAL - 2024-11-09 18:36:17 --> ErrorException: Undefined array key "expiresAt"
in APPPATH/Controllers/UserController.php on line 200.
 1 APPPATH/Controllers/UserController.php(200): CodeIgniter\Debug\Exceptions->errorHandler()
 2 APPPATH/Controllers/UserController.php(173): App\Controllers\UserController->isValidSession()
 3 SYSTEMPATH/CodeIgniter.php(941): App\Controllers\UserController->verifySession()
 4 SYSTEMPATH/CodeIgniter.php(502): CodeIgniter\CodeIgniter->runController()
 5 SYSTEMPATH/CodeIgniter.php(361): CodeIgniter\CodeIgniter->handleRequest()
 6 FCPATH/index.php(85): CodeIgniter\CodeIgniter->run()
CRITICAL - 2024-11-09 18:51:16 --> ErrorException: Undefined array key "expiresAt"
in APPPATH/Controllers/UserController.php on line 200.
 1 APPPATH/Controllers/UserController.php(200): CodeIgniter\Debug\Exceptions->errorHandler()
 2 APPPATH/Controllers/UserController.php(173): App\Controllers\UserController->isValidSession()
 3 SYSTEMPATH/CodeIgniter.php(941): App\Controllers\UserController->verifySession()
 4 SYSTEMPATH/CodeIgniter.php(502): CodeIgniter\CodeIgniter->runController()
 5 SYSTEMPATH/CodeIgniter.php(361): CodeIgniter\CodeIgniter->handleRequest()
 6 FCPATH/index.php(85): CodeIgniter\CodeIgniter->run()
CRITICAL - 2024-11-09 18:51:20 --> ErrorException: Undefined array key "expiresAt"
in APPPATH/Controllers/UserController.php on line 200.
 1 APPPATH/Controllers/UserController.php(200): CodeIgniter\Debug\Exceptions->errorHandler()
 2 APPPATH/Controllers/UserController.php(173): App\Controllers\UserController->isValidSession()
 3 SYSTEMPATH/CodeIgniter.php(941): App\Controllers\UserController->verifySession()
 4 SYSTEMPATH/CodeIgniter.php(502): CodeIgniter\CodeIgniter->runController()
 5 SYSTEMPATH/CodeIgniter.php(361): CodeIgniter\CodeIgniter->handleRequest()
 6 FCPATH/index.php(85): CodeIgniter\CodeIgniter->run()
CRITICAL - 2024-11-09 18:51:27 --> ErrorException: Undefined array key "expiresAt"
in APPPATH/Controllers/UserController.php on line 200.
 1 APPPATH/Controllers/UserController.php(200): CodeIgniter\Debug\Exceptions->errorHandler()
 2 APPPATH/Controllers/UserController.php(173): App\Controllers\UserController->isValidSession()
 3 SYSTEMPATH/CodeIgniter.php(941): App\Controllers\UserController->verifySession()
 4 SYSTEMPATH/CodeIgniter.php(502): CodeIgniter\CodeIgniter->runController()
 5 SYSTEMPATH/CodeIgniter.php(361): CodeIgniter\CodeIgniter->handleRequest()
 6 FCPATH/index.php(85): CodeIgniter\CodeIgniter->run()
CRITICAL - 2024-11-09 18:54:22 --> ErrorException: Undefined array key "expiresAt"
in APPPATH/Controllers/UserController.php on line 200.
 1 APPPATH/Controllers/UserController.php(200): CodeIgniter\Debug\Exceptions->errorHandler()
 2 APPPATH/Controllers/UserController.php(173): App\Controllers\UserController->isValidSession()
 3 SYSTEMPATH/CodeIgniter.php(941): App\Controllers\UserController->verifySession()
 4 SYSTEMPATH/CodeIgniter.php(502): CodeIgniter\CodeIgniter->runController()
 5 SYSTEMPATH/CodeIgniter.php(361): CodeIgniter\CodeIgniter->handleRequest()
 6 FCPATH/index.php(85): CodeIgniter\CodeIgniter->run()
CRITICAL - 2024-11-09 18:54:51 --> ErrorException: Undefined array key "expiresAt"
in APPPATH/Controllers/UserController.php on line 200.
 1 APPPATH/Controllers/UserController.php(200): CodeIgniter\Debug\Exceptions->errorHandler()
 2 APPPATH/Controllers/UserController.php(173): App\Controllers\UserController->isValidSession()
 3 SYSTEMPATH/CodeIgniter.php(941): App\Controllers\UserController->verifySession()
 4 SYSTEMPATH/CodeIgniter.php(502): CodeIgniter\CodeIgniter->runController()
 5 SYSTEMPATH/CodeIgniter.php(361): CodeIgniter\CodeIgniter->handleRequest()
 6 FCPATH/index.php(85): CodeIgniter\CodeIgniter->run()
CRITICAL - 2024-11-09 18:55:25 --> ErrorException: Undefined array key "expiresAt"
in APPPATH/Controllers/UserController.php on line 200.
 1 APPPATH/Controllers/UserController.php(200): CodeIgniter\Debug\Exceptions->errorHandler()
 2 APPPATH/Controllers/UserController.php(173): App\Controllers\UserController->isValidSession()
 3 SYSTEMPATH/CodeIgniter.php(941): App\Controllers\UserController->verifySession()
 4 SYSTEMPATH/CodeIgniter.php(502): CodeIgniter\CodeIgniter->runController()
 5 SYSTEMPATH/CodeIgniter.php(361): CodeIgniter\CodeIgniter->handleRequest()
 6 FCPATH/index.php(85): CodeIgniter\CodeIgniter->run()
CRITICAL - 2024-11-09 18:55:46 --> ErrorException: Undefined array key "expiresAt"
in APPPATH/Controllers/UserController.php on line 200.
 1 APPPATH/Controllers/UserController.php(200): CodeIgniter\Debug\Exceptions->errorHandler()
 2 APPPATH/Controllers/UserController.php(173): App\Controllers\UserController->isValidSession()
 3 SYSTEMPATH/CodeIgniter.php(941): App\Controllers\UserController->verifySession()
 4 SYSTEMPATH/CodeIgniter.php(502): CodeIgniter\CodeIgniter->runController()
 5 SYSTEMPATH/CodeIgniter.php(361): CodeIgniter\CodeIgniter->handleRequest()
 6 FCPATH/index.php(85): CodeIgniter\CodeIgniter->run()
CRITICAL - 2024-11-09 18:57:08 --> ErrorException: Undefined array key "expiresAt"
in APPPATH/Controllers/UserController.php on line 200.
 1 APPPATH/Controllers/UserController.php(200): CodeIgniter\Debug\Exceptions->errorHandler()
 2 APPPATH/Controllers/UserController.php(173): App\Controllers\UserController->isValidSession()
 3 SYSTEMPATH/CodeIgniter.php(941): App\Controllers\UserController->verifySession()
 4 SYSTEMPATH/CodeIgniter.php(502): CodeIgniter\CodeIgniter->runController()
 5 SYSTEMPATH/CodeIgniter.php(361): CodeIgniter\CodeIgniter->handleRequest()
 6 FCPATH/index.php(85): CodeIgniter\CodeIgniter->run()
CRITICAL - 2024-11-09 18:59:40 --> ErrorException: Undefined array key "expiresAt"
in APPPATH/Controllers/UserController.php on line 200.
 1 APPPATH/Controllers/UserController.php(200): CodeIgniter\Debug\Exceptions->errorHandler()
 2 APPPATH/Controllers/UserController.php(173): App\Controllers\UserController->isValidSession()
 3 SYSTEMPATH/CodeIgniter.php(941): App\Controllers\UserController->verifySession()
 4 SYSTEMPATH/CodeIgniter.php(502): CodeIgniter\CodeIgniter->runController()
 5 SYSTEMPATH/CodeIgniter.php(361): CodeIgniter\CodeIgniter->handleRequest()
 6 FCPATH/index.php(85): CodeIgniter\CodeIgniter->run()
CRITICAL - 2024-11-09 19:12:09 --> ErrorException: Undefined array key "expiresAt"
in APPPATH/Controllers/UserController.php on line 200.
 1 APPPATH/Controllers/UserController.php(200): CodeIgniter\Debug\Exceptions->errorHandler()
 2 APPPATH/Controllers/UserController.php(173): App\Controllers\UserController->isValidSession()
 3 SYSTEMPATH/CodeIgniter.php(941): App\Controllers\UserController->verifySession()
 4 SYSTEMPATH/CodeIgniter.php(502): CodeIgniter\CodeIgniter->runController()
 5 SYSTEMPATH/CodeIgniter.php(361): CodeIgniter\CodeIgniter->handleRequest()
 6 FCPATH/index.php(85): CodeIgniter\CodeIgniter->run()
CRITICAL - 2024-11-09 19:13:12 --> ErrorException: Undefined array key "expiresAt"
in APPPATH/Controllers/UserController.php on line 200.
 1 APPPATH/Controllers/UserController.php(200): CodeIgniter\Debug\Exceptions->errorHandler()
 2 APPPATH/Controllers/UserController.php(173): App\Controllers\UserController->isValidSession()
 3 SYSTEMPATH/CodeIgniter.php(941): App\Controllers\UserController->verifySession()
 4 SYSTEMPATH/CodeIgniter.php(502): CodeIgniter\CodeIgniter->runController()
 5 SYSTEMPATH/CodeIgniter.php(361): CodeIgniter\CodeIgniter->handleRequest()
 6 FCPATH/index.php(85): CodeIgniter\CodeIgniter->run()
CRITICAL - 2024-11-09 19:15:11 --> ErrorException: Undefined array key "expiresAt"
in APPPATH/Controllers/UserController.php on line 200.
 1 APPPATH/Controllers/UserController.php(200): CodeIgniter\Debug\Exceptions->errorHandler()
 2 APPPATH/Controllers/UserController.php(173): App\Controllers\UserController->isValidSession()
 3 SYSTEMPATH/CodeIgniter.php(941): App\Controllers\UserController->verifySession()
 4 SYSTEMPATH/CodeIgniter.php(502): CodeIgniter\CodeIgniter->runController()
 5 SYSTEMPATH/CodeIgniter.php(361): CodeIgniter\CodeIgniter->handleRequest()
 6 FCPATH/index.php(85): CodeIgniter\CodeIgniter->run()
CRITICAL - 2024-11-09 19:15:23 --> ErrorException: Undefined array key "expiresAt"
in APPPATH/Controllers/UserController.php on line 200.
 1 APPPATH/Controllers/UserController.php(200): CodeIgniter\Debug\Exceptions->errorHandler()
 2 APPPATH/Controllers/UserController.php(173): App\Controllers\UserController->isValidSession()
 3 SYSTEMPATH/CodeIgniter.php(941): App\Controllers\UserController->verifySession()
 4 SYSTEMPATH/CodeIgniter.php(502): CodeIgniter\CodeIgniter->runController()
 5 SYSTEMPATH/CodeIgniter.php(361): CodeIgniter\CodeIgniter->handleRequest()
 6 FCPATH/index.php(85): CodeIgniter\CodeIgniter->run()
CRITICAL - 2024-11-09 19:15:36 --> ErrorException: Undefined array key "expiresAt"
in APPPATH/Controllers/UserController.php on line 200.
 1 APPPATH/Controllers/UserController.php(200): CodeIgniter\Debug\Exceptions->errorHandler()
 2 APPPATH/Controllers/UserController.php(173): App\Controllers\UserController->isValidSession()
 3 SYSTEMPATH/CodeIgniter.php(941): App\Controllers\UserController->verifySession()
 4 SYSTEMPATH/CodeIgniter.php(502): CodeIgniter\CodeIgniter->runController()
 5 SYSTEMPATH/CodeIgniter.php(361): CodeIgniter\CodeIgniter->handleRequest()
 6 FCPATH/index.php(85): CodeIgniter\CodeIgniter->run()
CRITICAL - 2024-11-09 19:16:18 --> ErrorException: Undefined array key "expiresAt"
in APPPATH/Controllers/UserController.php on line 200.
 1 APPPATH/Controllers/UserController.php(200): CodeIgniter\Debug\Exceptions->errorHandler()
 2 APPPATH/Controllers/UserController.php(173): App\Controllers\UserController->isValidSession()
 3 SYSTEMPATH/CodeIgniter.php(941): App\Controllers\UserController->verifySession()
 4 SYSTEMPATH/CodeIgniter.php(502): CodeIgniter\CodeIgniter->runController()
 5 SYSTEMPATH/CodeIgniter.php(361): CodeIgniter\CodeIgniter->handleRequest()
 6 FCPATH/index.php(85): CodeIgniter\CodeIgniter->run()
CRITICAL - 2024-11-09 19:17:38 --> ErrorException: Undefined array key "expiresAt"
in APPPATH/Controllers/UserController.php on line 200.
 1 APPPATH/Controllers/UserController.php(200): CodeIgniter\Debug\Exceptions->errorHandler()
 2 APPPATH/Controllers/UserController.php(173): App\Controllers\UserController->isValidSession()
 3 SYSTEMPATH/CodeIgniter.php(941): App\Controllers\UserController->verifySession()
 4 SYSTEMPATH/CodeIgniter.php(502): CodeIgniter\CodeIgniter->runController()
 5 SYSTEMPATH/CodeIgniter.php(361): CodeIgniter\CodeIgniter->handleRequest()
 6 FCPATH/index.php(85): CodeIgniter\CodeIgniter->run()
