ERROR - 2024-10-25 03:23:50 --> mysqli_sql_exception: Duplicate entry 'jjdeniega377@gmail.com' for key 'users.email' in C:\laragon\www\CAPSTONEBACKEND\system\Database\MySQLi\Connection.php:306
Stack trace:
#0 C:\laragon\www\CAPSTONEBACKEND\system\Database\MySQLi\Connection.php(306): mysqli->query('INSERT INTO `us...', 0)
#1 C:\laragon\www\CAPSTONEBACKEND\system\Database\BaseConnection.php(693): CodeIgniter\Database\MySQLi\Connection->execute('INSERT INTO `us...')
#2 C:\laragon\www\CAPSTONEBACKEND\system\Database\BaseConnection.php(607): CodeIgniter\Database\BaseConnection->simpleQuery('INSERT INTO `us...')
#3 C:\laragon\www\CAPSTONEBACKEND\system\Database\BaseBuilder.php(2302): CodeIgniter\Database\BaseConnection->query('INSERT INTO `us...', Array, false)
#4 C:\laragon\www\CAPSTONEBACKEND\system\Model.php(326): CodeIgniter\Database\BaseBuilder->insert()
#5 C:\laragon\www\CAPSTONEBACKEND\system\BaseModel.php(802): CodeIgniter\Model->doInsert(Array)
#6 C:\laragon\www\CAPSTONEBACKEND\system\Model.php(744): CodeIgniter\BaseModel->insert(Array, false)
#7 C:\laragon\www\CAPSTONEBACKEND\system\BaseModel.php(713): CodeIgniter\Model->insert(Array, false)
#8 C:\laragon\www\CAPSTONEBACKEND\app\Controllers\UserController.php(38): CodeIgniter\BaseModel->save(Array)
#9 C:\laragon\www\CAPSTONEBACKEND\system\CodeIgniter.php(941): App\Controllers\UserController->register()
#10 C:\laragon\www\CAPSTONEBACKEND\system\CodeIgniter.php(502): CodeIgniter\CodeIgniter->runController(Object(App\Controllers\UserController))
#11 C:\laragon\www\CAPSTONEBACKEND\system\CodeIgniter.php(361): CodeIgniter\CodeIgniter->handleRequest(NULL, Object(Config\Cache), false)
#12 C:\laragon\www\CAPSTONEBACKEND\public\index.php(85): CodeIgniter\CodeIgniter->run()
#13 C:\laragon\www\CAPSTONEBACKEND\system\Commands\Server\rewrite.php(47): require_once('C:\\laragon\\www\\...')
#14 {main}
CRITICAL - 2024-10-25 03:23:50 --> CodeIgniter\Database\Exceptions\DatabaseException: Duplicate entry 'jjdeniega377@gmail.com' for key 'users.email'
in SYSTEMPATH\Database\BaseConnection.php on line 647.
 1 SYSTEMPATH\Database\BaseBuilder.php(2302): CodeIgniter\Database\BaseConnection->query('INSERT INTO `users` (`username`, `email`, `password`, `token`, `status`, `role`, `category`, `registration_date`, `verification_token`) VALUES (:username:, :email:, :password:, :token:, :status:, :role:, :category:, :registration_date:, :verification_token:)', [...], false)
 2 SYSTEMPATH\Model.php(326): CodeIgniter\Database\BaseBuilder->insert()
 3 SYSTEMPATH\BaseModel.php(802): CodeIgniter\Model->doInsert([...])
 4 SYSTEMPATH\Model.php(744): CodeIgniter\BaseModel->insert([...], false)
 5 SYSTEMPATH\BaseModel.php(713): CodeIgniter\Model->insert([...], false)
 6 APPPATH\Controllers\UserController.php(38): CodeIgniter\BaseModel->save([...])
 7 SYSTEMPATH\CodeIgniter.php(941): App\Controllers\UserController->register()
 8 SYSTEMPATH\CodeIgniter.php(502): CodeIgniter\CodeIgniter->runController(Object(App\Controllers\UserController))
 9 SYSTEMPATH\CodeIgniter.php(361): CodeIgniter\CodeIgniter->handleRequest(null, Object(Config\Cache), false)
10 FCPATH\index.php(85): CodeIgniter\CodeIgniter->run()
11 SYSTEMPATH\Commands\Server\rewrite.php(47): require_once('C:\\laragon\\www\\CAPSTONEBACKEND\\public\\index.php')
CRITICAL - 2024-10-25 03:23:50 --> [Caused by] CodeIgniter\Database\Exceptions\DatabaseException: Duplicate entry 'jjdeniega377@gmail.com' for key 'users.email'
in SYSTEMPATH\Database\MySQLi\Connection.php on line 311.
 1 SYSTEMPATH\Database\BaseConnection.php(693): CodeIgniter\Database\MySQLi\Connection->execute('INSERT INTO `users` (`username`, `email`, `password`, `token`, `status`, `role`, `category`, `registration_date`, `verification_token`) VALUES (\'johnjessiedeniega\', \'jjdeniega377@gmail.com\', \'$2y$10$b.Il2.nFROjUynFEUG6N4.v720r.hQHY4SUcOraox01QrleU.Xro.\', \'a05105253bbdc5d814d61963efc7040169b429795ad5b70860\', \'inactive\', \'user\', \'PWD\', \'2024-10-25 03:23:50\', \'9e60a3abf6d5d9a88d8715f0162a03a3\')')
 2 SYSTEMPATH\Database\BaseConnection.php(607): CodeIgniter\Database\BaseConnection->simpleQuery('INSERT INTO `users` (`username`, `email`, `password`, `token`, `status`, `role`, `category`, `registration_date`, `verification_token`) VALUES (\'johnjessiedeniega\', \'jjdeniega377@gmail.com\', \'$2y$10$b.Il2.nFROjUynFEUG6N4.v720r.hQHY4SUcOraox01QrleU.Xro.\', \'a05105253bbdc5d814d61963efc7040169b429795ad5b70860\', \'inactive\', \'user\', \'PWD\', \'2024-10-25 03:23:50\', \'9e60a3abf6d5d9a88d8715f0162a03a3\')')
 3 SYSTEMPATH\Database\BaseBuilder.php(2302): CodeIgniter\Database\BaseConnection->query('INSERT INTO `users` (`username`, `email`, `password`, `token`, `status`, `role`, `category`, `registration_date`, `verification_token`) VALUES (:username:, :email:, :password:, :token:, :status:, :role:, :category:, :registration_date:, :verification_token:)', [...], false)
 4 SYSTEMPATH\Model.php(326): CodeIgniter\Database\BaseBuilder->insert()
 5 SYSTEMPATH\BaseModel.php(802): CodeIgniter\Model->doInsert([...])
 6 SYSTEMPATH\Model.php(744): CodeIgniter\BaseModel->insert([...], false)
 7 SYSTEMPATH\BaseModel.php(713): CodeIgniter\Model->insert([...], false)
 8 APPPATH\Controllers\UserController.php(38): CodeIgniter\BaseModel->save([...])
 9 SYSTEMPATH\CodeIgniter.php(941): App\Controllers\UserController->register()
10 SYSTEMPATH\CodeIgniter.php(502): CodeIgniter\CodeIgniter->runController(Object(App\Controllers\UserController))
11 SYSTEMPATH\CodeIgniter.php(361): CodeIgniter\CodeIgniter->handleRequest(null, Object(Config\Cache), false)
12 FCPATH\index.php(85): CodeIgniter\CodeIgniter->run()
13 SYSTEMPATH\Commands\Server\rewrite.php(47): require_once('C:\\laragon\\www\\CAPSTONEBACKEND\\public\\index.php')
CRITICAL - 2024-10-25 03:23:50 --> [Caused by] mysqli_sql_exception: Duplicate entry 'jjdeniega377@gmail.com' for key 'users.email'
in SYSTEMPATH\Database\MySQLi\Connection.php on line 306.
 1 SYSTEMPATH\Database\MySQLi\Connection.php(306): mysqli->query('INSERT INTO `users` (`username`, `email`, `password`, `token`, `status`, `role`, `category`, `registration_date`, `verification_token`) VALUES (\'johnjessiedeniega\', \'jjdeniega377@gmail.com\', \'$2y$10$b.Il2.nFROjUynFEUG6N4.v720r.hQHY4SUcOraox01QrleU.Xro.\', \'a05105253bbdc5d814d61963efc7040169b429795ad5b70860\', \'inactive\', \'user\', \'PWD\', \'2024-10-25 03:23:50\', \'9e60a3abf6d5d9a88d8715f0162a03a3\')', 0)
 2 SYSTEMPATH\Database\BaseConnection.php(693): CodeIgniter\Database\MySQLi\Connection->execute('INSERT INTO `users` (`username`, `email`, `password`, `token`, `status`, `role`, `category`, `registration_date`, `verification_token`) VALUES (\'johnjessiedeniega\', \'jjdeniega377@gmail.com\', \'$2y$10$b.Il2.nFROjUynFEUG6N4.v720r.hQHY4SUcOraox01QrleU.Xro.\', \'a05105253bbdc5d814d61963efc7040169b429795ad5b70860\', \'inactive\', \'user\', \'PWD\', \'2024-10-25 03:23:50\', \'9e60a3abf6d5d9a88d8715f0162a03a3\')')
 3 SYSTEMPATH\Database\BaseConnection.php(607): CodeIgniter\Database\BaseConnection->simpleQuery('INSERT INTO `users` (`username`, `email`, `password`, `token`, `status`, `role`, `category`, `registration_date`, `verification_token`) VALUES (\'johnjessiedeniega\', \'jjdeniega377@gmail.com\', \'$2y$10$b.Il2.nFROjUynFEUG6N4.v720r.hQHY4SUcOraox01QrleU.Xro.\', \'a05105253bbdc5d814d61963efc7040169b429795ad5b70860\', \'inactive\', \'user\', \'PWD\', \'2024-10-25 03:23:50\', \'9e60a3abf6d5d9a88d8715f0162a03a3\')')
 4 SYSTEMPATH\Database\BaseBuilder.php(2302): CodeIgniter\Database\BaseConnection->query('INSERT INTO `users` (`username`, `email`, `password`, `token`, `status`, `role`, `category`, `registration_date`, `verification_token`) VALUES (:username:, :email:, :password:, :token:, :status:, :role:, :category:, :registration_date:, :verification_token:)', [...], false)
 5 SYSTEMPATH\Model.php(326): CodeIgniter\Database\BaseBuilder->insert()
 6 SYSTEMPATH\BaseModel.php(802): CodeIgniter\Model->doInsert([...])
 7 SYSTEMPATH\Model.php(744): CodeIgniter\BaseModel->insert([...], false)
 8 SYSTEMPATH\BaseModel.php(713): CodeIgniter\Model->insert([...], false)
 9 APPPATH\Controllers\UserController.php(38): CodeIgniter\BaseModel->save([...])
10 SYSTEMPATH\CodeIgniter.php(941): App\Controllers\UserController->register()
11 SYSTEMPATH\CodeIgniter.php(502): CodeIgniter\CodeIgniter->runController(Object(App\Controllers\UserController))
12 SYSTEMPATH\CodeIgniter.php(361): CodeIgniter\CodeIgniter->handleRequest(null, Object(Config\Cache), false)
13 FCPATH\index.php(85): CodeIgniter\CodeIgniter->run()
14 SYSTEMPATH\Commands\Server\rewrite.php(47): require_once('C:\\laragon\\www\\CAPSTONEBACKEND\\public\\index.php')
ERROR - 2024-10-25 03:24:01 --> mysqli_sql_exception: Duplicate entry 'jjdeniega377@gmail.com' for key 'users.email' in C:\laragon\www\CAPSTONEBACKEND\system\Database\MySQLi\Connection.php:306
Stack trace:
#0 C:\laragon\www\CAPSTONEBACKEND\system\Database\MySQLi\Connection.php(306): mysqli->query('INSERT INTO `us...', 0)
#1 C:\laragon\www\CAPSTONEBACKEND\system\Database\BaseConnection.php(693): CodeIgniter\Database\MySQLi\Connection->execute('INSERT INTO `us...')
#2 C:\laragon\www\CAPSTONEBACKEND\system\Database\BaseConnection.php(607): CodeIgniter\Database\BaseConnection->simpleQuery('INSERT INTO `us...')
#3 C:\laragon\www\CAPSTONEBACKEND\system\Database\BaseBuilder.php(2302): CodeIgniter\Database\BaseConnection->query('INSERT INTO `us...', Array, false)
#4 C:\laragon\www\CAPSTONEBACKEND\system\Model.php(326): CodeIgniter\Database\BaseBuilder->insert()
#5 C:\laragon\www\CAPSTONEBACKEND\system\BaseModel.php(802): CodeIgniter\Model->doInsert(Array)
#6 C:\laragon\www\CAPSTONEBACKEND\system\Model.php(744): CodeIgniter\BaseModel->insert(Array, false)
#7 C:\laragon\www\CAPSTONEBACKEND\system\BaseModel.php(713): CodeIgniter\Model->insert(Array, false)
#8 C:\laragon\www\CAPSTONEBACKEND\app\Controllers\UserController.php(38): CodeIgniter\BaseModel->save(Array)
#9 C:\laragon\www\CAPSTONEBACKEND\system\CodeIgniter.php(941): App\Controllers\UserController->register()
#10 C:\laragon\www\CAPSTONEBACKEND\system\CodeIgniter.php(502): CodeIgniter\CodeIgniter->runController(Object(App\Controllers\UserController))
#11 C:\laragon\www\CAPSTONEBACKEND\system\CodeIgniter.php(361): CodeIgniter\CodeIgniter->handleRequest(NULL, Object(Config\Cache), false)
#12 C:\laragon\www\CAPSTONEBACKEND\public\index.php(85): CodeIgniter\CodeIgniter->run()
#13 C:\laragon\www\CAPSTONEBACKEND\system\Commands\Server\rewrite.php(47): require_once('C:\\laragon\\www\\...')
#14 {main}
CRITICAL - 2024-10-25 03:24:01 --> CodeIgniter\Database\Exceptions\DatabaseException: Duplicate entry 'jjdeniega377@gmail.com' for key 'users.email'
in SYSTEMPATH\Database\BaseConnection.php on line 647.
 1 SYSTEMPATH\Database\BaseBuilder.php(2302): CodeIgniter\Database\BaseConnection->query('INSERT INTO `users` (`username`, `email`, `password`, `token`, `status`, `role`, `category`, `registration_date`, `verification_token`) VALUES (:username:, :email:, :password:, :token:, :status:, :role:, :category:, :registration_date:, :verification_token:)', [...], false)
 2 SYSTEMPATH\Model.php(326): CodeIgniter\Database\BaseBuilder->insert()
 3 SYSTEMPATH\BaseModel.php(802): CodeIgniter\Model->doInsert([...])
 4 SYSTEMPATH\Model.php(744): CodeIgniter\BaseModel->insert([...], false)
 5 SYSTEMPATH\BaseModel.php(713): CodeIgniter\Model->insert([...], false)
 6 APPPATH\Controllers\UserController.php(38): CodeIgniter\BaseModel->save([...])
 7 SYSTEMPATH\CodeIgniter.php(941): App\Controllers\UserController->register()
 8 SYSTEMPATH\CodeIgniter.php(502): CodeIgniter\CodeIgniter->runController(Object(App\Controllers\UserController))
 9 SYSTEMPATH\CodeIgniter.php(361): CodeIgniter\CodeIgniter->handleRequest(null, Object(Config\Cache), false)
10 FCPATH\index.php(85): CodeIgniter\CodeIgniter->run()
11 SYSTEMPATH\Commands\Server\rewrite.php(47): require_once('C:\\laragon\\www\\CAPSTONEBACKEND\\public\\index.php')
CRITICAL - 2024-10-25 03:24:01 --> [Caused by] CodeIgniter\Database\Exceptions\DatabaseException: Duplicate entry 'jjdeniega377@gmail.com' for key 'users.email'
in SYSTEMPATH\Database\MySQLi\Connection.php on line 311.
 1 SYSTEMPATH\Database\BaseConnection.php(693): CodeIgniter\Database\MySQLi\Connection->execute('INSERT INTO `users` (`username`, `email`, `password`, `token`, `status`, `role`, `category`, `registration_date`, `verification_token`) VALUES (\'johnjessiedeniega\', \'jjdeniega377@gmail.com\', \'$2y$10$aCbWDN1G.UbTGy6mrgCjgOtzFJYsKbDnTCi6MkqKlgV7iS3HJPWSe\', \'0a9c55fcab7bc9707ad8a95485c53c2d6f7abeca3f98ddf19b\', \'inactive\', \'user\', \'PWD\', \'2024-10-25 03:24:01\', \'7998bcfd404a98b9894806a9264e94ef\')')
 2 SYSTEMPATH\Database\BaseConnection.php(607): CodeIgniter\Database\BaseConnection->simpleQuery('INSERT INTO `users` (`username`, `email`, `password`, `token`, `status`, `role`, `category`, `registration_date`, `verification_token`) VALUES (\'johnjessiedeniega\', \'jjdeniega377@gmail.com\', \'$2y$10$aCbWDN1G.UbTGy6mrgCjgOtzFJYsKbDnTCi6MkqKlgV7iS3HJPWSe\', \'0a9c55fcab7bc9707ad8a95485c53c2d6f7abeca3f98ddf19b\', \'inactive\', \'user\', \'PWD\', \'2024-10-25 03:24:01\', \'7998bcfd404a98b9894806a9264e94ef\')')
 3 SYSTEMPATH\Database\BaseBuilder.php(2302): CodeIgniter\Database\BaseConnection->query('INSERT INTO `users` (`username`, `email`, `password`, `token`, `status`, `role`, `category`, `registration_date`, `verification_token`) VALUES (:username:, :email:, :password:, :token:, :status:, :role:, :category:, :registration_date:, :verification_token:)', [...], false)
 4 SYSTEMPATH\Model.php(326): CodeIgniter\Database\BaseBuilder->insert()
 5 SYSTEMPATH\BaseModel.php(802): CodeIgniter\Model->doInsert([...])
 6 SYSTEMPATH\Model.php(744): CodeIgniter\BaseModel->insert([...], false)
 7 SYSTEMPATH\BaseModel.php(713): CodeIgniter\Model->insert([...], false)
 8 APPPATH\Controllers\UserController.php(38): CodeIgniter\BaseModel->save([...])
 9 SYSTEMPATH\CodeIgniter.php(941): App\Controllers\UserController->register()
10 SYSTEMPATH\CodeIgniter.php(502): CodeIgniter\CodeIgniter->runController(Object(App\Controllers\UserController))
11 SYSTEMPATH\CodeIgniter.php(361): CodeIgniter\CodeIgniter->handleRequest(null, Object(Config\Cache), false)
12 FCPATH\index.php(85): CodeIgniter\CodeIgniter->run()
13 SYSTEMPATH\Commands\Server\rewrite.php(47): require_once('C:\\laragon\\www\\CAPSTONEBACKEND\\public\\index.php')
CRITICAL - 2024-10-25 03:24:01 --> [Caused by] mysqli_sql_exception: Duplicate entry 'jjdeniega377@gmail.com' for key 'users.email'
in SYSTEMPATH\Database\MySQLi\Connection.php on line 306.
 1 SYSTEMPATH\Database\MySQLi\Connection.php(306): mysqli->query('INSERT INTO `users` (`username`, `email`, `password`, `token`, `status`, `role`, `category`, `registration_date`, `verification_token`) VALUES (\'johnjessiedeniega\', \'jjdeniega377@gmail.com\', \'$2y$10$aCbWDN1G.UbTGy6mrgCjgOtzFJYsKbDnTCi6MkqKlgV7iS3HJPWSe\', \'0a9c55fcab7bc9707ad8a95485c53c2d6f7abeca3f98ddf19b\', \'inactive\', \'user\', \'PWD\', \'2024-10-25 03:24:01\', \'7998bcfd404a98b9894806a9264e94ef\')', 0)
 2 SYSTEMPATH\Database\BaseConnection.php(693): CodeIgniter\Database\MySQLi\Connection->execute('INSERT INTO `users` (`username`, `email`, `password`, `token`, `status`, `role`, `category`, `registration_date`, `verification_token`) VALUES (\'johnjessiedeniega\', \'jjdeniega377@gmail.com\', \'$2y$10$aCbWDN1G.UbTGy6mrgCjgOtzFJYsKbDnTCi6MkqKlgV7iS3HJPWSe\', \'0a9c55fcab7bc9707ad8a95485c53c2d6f7abeca3f98ddf19b\', \'inactive\', \'user\', \'PWD\', \'2024-10-25 03:24:01\', \'7998bcfd404a98b9894806a9264e94ef\')')
 3 SYSTEMPATH\Database\BaseConnection.php(607): CodeIgniter\Database\BaseConnection->simpleQuery('INSERT INTO `users` (`username`, `email`, `password`, `token`, `status`, `role`, `category`, `registration_date`, `verification_token`) VALUES (\'johnjessiedeniega\', \'jjdeniega377@gmail.com\', \'$2y$10$aCbWDN1G.UbTGy6mrgCjgOtzFJYsKbDnTCi6MkqKlgV7iS3HJPWSe\', \'0a9c55fcab7bc9707ad8a95485c53c2d6f7abeca3f98ddf19b\', \'inactive\', \'user\', \'PWD\', \'2024-10-25 03:24:01\', \'7998bcfd404a98b9894806a9264e94ef\')')
 4 SYSTEMPATH\Database\BaseBuilder.php(2302): CodeIgniter\Database\BaseConnection->query('INSERT INTO `users` (`username`, `email`, `password`, `token`, `status`, `role`, `category`, `registration_date`, `verification_token`) VALUES (:username:, :email:, :password:, :token:, :status:, :role:, :category:, :registration_date:, :verification_token:)', [...], false)
 5 SYSTEMPATH\Model.php(326): CodeIgniter\Database\BaseBuilder->insert()
 6 SYSTEMPATH\BaseModel.php(802): CodeIgniter\Model->doInsert([...])
 7 SYSTEMPATH\Model.php(744): CodeIgniter\BaseModel->insert([...], false)
 8 SYSTEMPATH\BaseModel.php(713): CodeIgniter\Model->insert([...], false)
 9 APPPATH\Controllers\UserController.php(38): CodeIgniter\BaseModel->save([...])
10 SYSTEMPATH\CodeIgniter.php(941): App\Controllers\UserController->register()
11 SYSTEMPATH\CodeIgniter.php(502): CodeIgniter\CodeIgniter->runController(Object(App\Controllers\UserController))
12 SYSTEMPATH\CodeIgniter.php(361): CodeIgniter\CodeIgniter->handleRequest(null, Object(Config\Cache), false)
13 FCPATH\index.php(85): CodeIgniter\CodeIgniter->run()
14 SYSTEMPATH\Commands\Server\rewrite.php(47): require_once('C:\\laragon\\www\\CAPSTONEBACKEND\\public\\index.php')
CRITICAL - 2024-10-25 08:57:06 --> ParseError: syntax error, unexpected token "<", expecting "function" or "const"
in APPPATH\Controllers\UserController.php on line 214.
 1 SYSTEMPATH\Autoloader\Autoloader.php(288): CodeIgniter\Autoloader\Autoloader->includeFile('C:\\laragon\\www\\CAPSTONEBACKEND\\app\\Controllers\\UserController.php')
 2 SYSTEMPATH\Autoloader\Autoloader.php(266): CodeIgniter\Autoloader\Autoloader->loadInNamespace('App\\Controllers\\UserController')
 3 [internal function]: CodeIgniter\Autoloader\Autoloader->loadClass('App\\Controllers\\UserController')
 4 SYSTEMPATH\CodeIgniter.php(899): class_exists('\\App\\Controllers\\UserController', true)
 5 SYSTEMPATH\CodeIgniter.php(489): CodeIgniter\CodeIgniter->startController()
 6 SYSTEMPATH\CodeIgniter.php(361): CodeIgniter\CodeIgniter->handleRequest(null, Object(Config\Cache), false)
 7 FCPATH\index.php(85): CodeIgniter\CodeIgniter->run()
 8 SYSTEMPATH\Commands\Server\rewrite.php(47): require_once('C:\\laragon\\www\\CAPSTONEBACKEND\\public\\index.php')
CRITICAL - 2024-10-25 08:57:17 --> ParseError: syntax error, unexpected token "<", expecting "function" or "const"
in APPPATH\Controllers\UserController.php on line 214.
 1 SYSTEMPATH\Autoloader\Autoloader.php(288): CodeIgniter\Autoloader\Autoloader->includeFile('C:\\laragon\\www\\CAPSTONEBACKEND\\app\\Controllers\\UserController.php')
 2 SYSTEMPATH\Autoloader\Autoloader.php(266): CodeIgniter\Autoloader\Autoloader->loadInNamespace('App\\Controllers\\UserController')
 3 [internal function]: CodeIgniter\Autoloader\Autoloader->loadClass('App\\Controllers\\UserController')
 4 SYSTEMPATH\CodeIgniter.php(899): class_exists('\\App\\Controllers\\UserController', true)
 5 SYSTEMPATH\CodeIgniter.php(489): CodeIgniter\CodeIgniter->startController()
 6 SYSTEMPATH\CodeIgniter.php(361): CodeIgniter\CodeIgniter->handleRequest(null, Object(Config\Cache), false)
 7 FCPATH\index.php(85): CodeIgniter\CodeIgniter->run()
 8 SYSTEMPATH\Commands\Server\rewrite.php(47): require_once('C:\\laragon\\www\\CAPSTONEBACKEND\\public\\index.php')
CRITICAL - 2024-10-25 08:58:52 --> ParseError: syntax error, unexpected token "<", expecting "function" or "const"
in APPPATH\Controllers\UserController.php on line 214.
 1 SYSTEMPATH\Autoloader\Autoloader.php(288): CodeIgniter\Autoloader\Autoloader->includeFile('C:\\laragon\\www\\CAPSTONEBACKEND\\app\\Controllers\\UserController.php')
 2 SYSTEMPATH\Autoloader\Autoloader.php(266): CodeIgniter\Autoloader\Autoloader->loadInNamespace('App\\Controllers\\UserController')
 3 [internal function]: CodeIgniter\Autoloader\Autoloader->loadClass('App\\Controllers\\UserController')
 4 SYSTEMPATH\CodeIgniter.php(899): class_exists('\\App\\Controllers\\UserController', true)
 5 SYSTEMPATH\CodeIgniter.php(489): CodeIgniter\CodeIgniter->startController()
 6 SYSTEMPATH\CodeIgniter.php(361): CodeIgniter\CodeIgniter->handleRequest(null, Object(Config\Cache), false)
 7 FCPATH\index.php(85): CodeIgniter\CodeIgniter->run()
 8 SYSTEMPATH\Commands\Server\rewrite.php(47): require_once('C:\\laragon\\www\\CAPSTONEBACKEND\\public\\index.php')
CRITICAL - 2024-10-25 09:02:39 --> CodeIgniter\Database\Exceptions\DataException: There is no data to update.
in SYSTEMPATH\BaseModel.php on line 970.
 1 SYSTEMPATH\BaseModel.php(970): CodeIgniter\Database\Exceptions\DataException::forEmptyDataset('update')
 2 SYSTEMPATH\Model.php(807): CodeIgniter\BaseModel->update([...], [])
 3 APPPATH\Controllers\UserController.php(223): CodeIgniter\Model->update('48', [...])
 4 SYSTEMPATH\CodeIgniter.php(941): App\Controllers\UserController->forgotPassword()
 5 SYSTEMPATH\CodeIgniter.php(502): CodeIgniter\CodeIgniter->runController(Object(App\Controllers\UserController))
 6 SYSTEMPATH\CodeIgniter.php(361): CodeIgniter\CodeIgniter->handleRequest(null, Object(Config\Cache), false)
 7 FCPATH\index.php(85): CodeIgniter\CodeIgniter->run()
 8 SYSTEMPATH\Commands\Server\rewrite.php(47): require_once('C:\\laragon\\www\\CAPSTONEBACKEND\\public\\index.php')
CRITICAL - 2024-10-25 09:04:07 --> CodeIgniter\Database\Exceptions\DataException: There is no data to update.
in SYSTEMPATH\BaseModel.php on line 970.
 1 SYSTEMPATH\BaseModel.php(970): CodeIgniter\Database\Exceptions\DataException::forEmptyDataset('update')
 2 SYSTEMPATH\Model.php(807): CodeIgniter\BaseModel->update([...], [])
 3 APPPATH\Controllers\UserController.php(223): CodeIgniter\Model->update('48', [...])
 4 SYSTEMPATH\CodeIgniter.php(941): App\Controllers\UserController->forgotPassword()
 5 SYSTEMPATH\CodeIgniter.php(502): CodeIgniter\CodeIgniter->runController(Object(App\Controllers\UserController))
 6 SYSTEMPATH\CodeIgniter.php(361): CodeIgniter\CodeIgniter->handleRequest(null, Object(Config\Cache), false)
 7 FCPATH\index.php(85): CodeIgniter\CodeIgniter->run()
 8 SYSTEMPATH\Commands\Server\rewrite.php(47): require_once('C:\\laragon\\www\\CAPSTONEBACKEND\\public\\index.php')
CRITICAL - 2024-10-25 09:05:14 --> CodeIgniter\Database\Exceptions\DataException: There is no data to update.
in SYSTEMPATH\BaseModel.php on line 970.
 1 SYSTEMPATH\BaseModel.php(970): CodeIgniter\Database\Exceptions\DataException::forEmptyDataset('update')
 2 SYSTEMPATH\Model.php(807): CodeIgniter\BaseModel->update([...], [])
 3 APPPATH\Controllers\UserController.php(223): CodeIgniter\Model->update('48', [...])
 4 SYSTEMPATH\CodeIgniter.php(941): App\Controllers\UserController->forgotPassword()
 5 SYSTEMPATH\CodeIgniter.php(502): CodeIgniter\CodeIgniter->runController(Object(App\Controllers\UserController))
 6 SYSTEMPATH\CodeIgniter.php(361): CodeIgniter\CodeIgniter->handleRequest(null, Object(Config\Cache), false)
 7 FCPATH\index.php(85): CodeIgniter\CodeIgniter->run()
 8 SYSTEMPATH\Commands\Server\rewrite.php(47): require_once('C:\\laragon\\www\\CAPSTONEBACKEND\\public\\index.php')
CRITICAL - 2024-10-25 09:06:44 --> CodeIgniter\Database\Exceptions\DataException: There is no data to update.
in SYSTEMPATH\BaseModel.php on line 970.
 1 SYSTEMPATH\BaseModel.php(970): CodeIgniter\Database\Exceptions\DataException::forEmptyDataset('update')
 2 SYSTEMPATH\Model.php(807): CodeIgniter\BaseModel->update([...], [])
 3 APPPATH\Controllers\UserController.php(230): CodeIgniter\Model->update('48', [...])
 4 SYSTEMPATH\CodeIgniter.php(941): App\Controllers\UserController->forgotPassword()
 5 SYSTEMPATH\CodeIgniter.php(502): CodeIgniter\CodeIgniter->runController(Object(App\Controllers\UserController))
 6 SYSTEMPATH\CodeIgniter.php(361): CodeIgniter\CodeIgniter->handleRequest(null, Object(Config\Cache), false)
 7 FCPATH\index.php(85): CodeIgniter\CodeIgniter->run()
 8 SYSTEMPATH\Commands\Server\rewrite.php(47): require_once('C:\\laragon\\www\\CAPSTONEBACKEND\\public\\index.php')
CRITICAL - 2024-10-25 09:09:27 --> ParseError: syntax error, unexpected token "<", expecting "function" or "const"
in APPPATH\Controllers\UserController.php on line 214.
 1 SYSTEMPATH\Autoloader\Autoloader.php(288): CodeIgniter\Autoloader\Autoloader->includeFile('C:\\laragon\\www\\CAPSTONEBACKEND\\app\\Controllers\\UserController.php')
 2 SYSTEMPATH\Autoloader\Autoloader.php(266): CodeIgniter\Autoloader\Autoloader->loadInNamespace('App\\Controllers\\UserController')
 3 [internal function]: CodeIgniter\Autoloader\Autoloader->loadClass('App\\Controllers\\UserController')
 4 SYSTEMPATH\CodeIgniter.php(899): class_exists('\\App\\Controllers\\UserController', true)
 5 SYSTEMPATH\CodeIgniter.php(489): CodeIgniter\CodeIgniter->startController()
 6 SYSTEMPATH\CodeIgniter.php(361): CodeIgniter\CodeIgniter->handleRequest(null, Object(Config\Cache), false)
 7 FCPATH\index.php(85): CodeIgniter\CodeIgniter->run()
 8 SYSTEMPATH\Commands\Server\rewrite.php(47): require_once('C:\\laragon\\www\\CAPSTONEBACKEND\\public\\index.php')
CRITICAL - 2024-10-25 09:09:45 --> ParseError: syntax error, unexpected token ">", expecting end of file
in APPPATH\Controllers\UserController.php on line 298.
 1 SYSTEMPATH\Autoloader\Autoloader.php(288): CodeIgniter\Autoloader\Autoloader->includeFile('C:\\laragon\\www\\CAPSTONEBACKEND\\app\\Controllers\\UserController.php')
 2 SYSTEMPATH\Autoloader\Autoloader.php(266): CodeIgniter\Autoloader\Autoloader->loadInNamespace('App\\Controllers\\UserController')
 3 [internal function]: CodeIgniter\Autoloader\Autoloader->loadClass('App\\Controllers\\UserController')
 4 SYSTEMPATH\CodeIgniter.php(899): class_exists('\\App\\Controllers\\UserController', true)
 5 SYSTEMPATH\CodeIgniter.php(489): CodeIgniter\CodeIgniter->startController()
 6 SYSTEMPATH\CodeIgniter.php(361): CodeIgniter\CodeIgniter->handleRequest(null, Object(Config\Cache), false)
 7 FCPATH\index.php(85): CodeIgniter\CodeIgniter->run()
 8 SYSTEMPATH\Commands\Server\rewrite.php(47): require_once('C:\\laragon\\www\\CAPSTONEBACKEND\\public\\index.php')
CRITICAL - 2024-10-25 09:09:54 --> ErrorException: Cannot redeclare App\Controllers\UserController::generateToken()
in APPPATH\Controllers\UserController.php on line 292.
 1 [internal function]: CodeIgniter\Debug\Exceptions->shutdownHandler()
CRITICAL - 2024-10-25 09:38:02 --> CodeIgniter\Database\Exceptions\DataException: There is no data to update.
in SYSTEMPATH\BaseModel.php on line 970.
 1 SYSTEMPATH\BaseModel.php(970): CodeIgniter\Database\Exceptions\DataException::forEmptyDataset('update')
 2 SYSTEMPATH\Model.php(807): CodeIgniter\BaseModel->update([...], [])
 3 APPPATH\Controllers\UserController.php(222): CodeIgniter\Model->update('48', [...])
 4 SYSTEMPATH\CodeIgniter.php(941): App\Controllers\UserController->forgotPassword()
 5 SYSTEMPATH\CodeIgniter.php(502): CodeIgniter\CodeIgniter->runController(Object(App\Controllers\UserController))
 6 SYSTEMPATH\CodeIgniter.php(361): CodeIgniter\CodeIgniter->handleRequest(null, Object(Config\Cache), false)
 7 FCPATH\index.php(85): CodeIgniter\CodeIgniter->run()
 8 SYSTEMPATH\Commands\Server\rewrite.php(47): require_once('C:\\laragon\\www\\CAPSTONEBACKEND\\public\\index.php')
CRITICAL - 2024-10-25 09:49:24 --> ErrorException: Cannot redeclare App\Controllers\UserController::resetPasswordForm()
in APPPATH\Controllers\UserController.php on line 298.
 1 [internal function]: CodeIgniter\Debug\Exceptions->shutdownHandler()
