CRITICAL - 2024-11-14 18:14:28 --> ErrorException: Undefined array key "expiresAt"
in APPPATH/Controllers/UserController.php on line 200.
 1 APPPATH/Controllers/UserController.php(200): CodeIgniter\Debug\Exceptions->errorHandler()
 2 APPPATH/Controllers/UserController.php(173): App\Controllers\UserController->isValidSession()
 3 SYSTEMPATH/CodeIgniter.php(941): App\Controllers\UserController->verifySession()
 4 SYSTEMPATH/CodeIgniter.php(502): CodeIgniter\CodeIgniter->runController()
 5 SYSTEMPATH/CodeIgniter.php(361): CodeIgniter\CodeIgniter->handleRequest()
 6 FCPATH/index.php(85): CodeIgniter\CodeIgniter->run()
CRITICAL - 2024-11-14 18:14:45 --> ErrorException: Undefined array key "expiresAt"
in APPPATH/Controllers/UserController.php on line 200.
 1 APPPATH/Controllers/UserController.php(200): CodeIgniter\Debug\Exceptions->errorHandler()
 2 APPPATH/Controllers/UserController.php(173): App\Controllers\UserController->isValidSession()
 3 SYSTEMPATH/CodeIgniter.php(941): App\Controllers\UserController->verifySession()
 4 SYSTEMPATH/CodeIgniter.php(502): CodeIgniter\CodeIgniter->runController()
 5 SYSTEMPATH/CodeIgniter.php(361): CodeIgniter\CodeIgniter->handleRequest()
 6 FCPATH/index.php(85): CodeIgniter\CodeIgniter->run()
CRITICAL - 2024-11-14 18:15:27 --> ErrorException: Undefined array key "expiresAt"
in APPPATH/Controllers/UserController.php on line 200.
 1 APPPATH/Controllers/UserController.php(200): CodeIgniter\Debug\Exceptions->errorHandler()
 2 APPPATH/Controllers/UserController.php(173): App\Controllers\UserController->isValidSession()
 3 SYSTEMPATH/CodeIgniter.php(941): App\Controllers\UserController->verifySession()
 4 SYSTEMPATH/CodeIgniter.php(502): CodeIgniter\CodeIgniter->runController()
 5 SYSTEMPATH/CodeIgniter.php(361): CodeIgniter\CodeIgniter->handleRequest()
 6 FCPATH/index.php(85): CodeIgniter\CodeIgniter->run()
CRITICAL - 2024-11-14 18:18:51 --> ErrorException: Undefined array key "expiresAt"
in APPPATH/Controllers/UserController.php on line 200.
 1 APPPATH/Controllers/UserController.php(200): CodeIgniter\Debug\Exceptions->errorHandler()
 2 APPPATH/Controllers/UserController.php(173): App\Controllers\UserController->isValidSession()
 3 SYSTEMPATH/CodeIgniter.php(941): App\Controllers\UserController->verifySession()
 4 SYSTEMPATH/CodeIgniter.php(502): CodeIgniter\CodeIgniter->runController()
 5 SYSTEMPATH/CodeIgniter.php(361): CodeIgniter\CodeIgniter->handleRequest()
 6 FCPATH/index.php(85): CodeIgniter\CodeIgniter->run()
CRITICAL - 2024-11-14 18:29:00 --> ErrorException: Undefined array key "expiresAt"
in APPPATH/Controllers/UserController.php on line 200.
 1 APPPATH/Controllers/UserController.php(200): CodeIgniter\Debug\Exceptions->errorHandler()
 2 APPPATH/Controllers/UserController.php(173): App\Controllers\UserController->isValidSession()
 3 SYSTEMPATH/CodeIgniter.php(941): App\Controllers\UserController->verifySession()
 4 SYSTEMPATH/CodeIgniter.php(502): CodeIgniter\CodeIgniter->runController()
 5 SYSTEMPATH/CodeIgniter.php(361): CodeIgniter\CodeIgniter->handleRequest()
 6 FCPATH/index.php(85): CodeIgniter\CodeIgniter->run()
CRITICAL - 2024-11-14 18:44:42 --> ErrorException: Undefined array key "expiresAt"
in APPPATH/Controllers/UserController.php on line 200.
 1 APPPATH/Controllers/UserController.php(200): CodeIgniter\Debug\Exceptions->errorHandler()
 2 APPPATH/Controllers/UserController.php(173): App\Controllers\UserController->isValidSession()
 3 SYSTEMPATH/CodeIgniter.php(941): App\Controllers\UserController->verifySession()
 4 SYSTEMPATH/CodeIgniter.php(502): CodeIgniter\CodeIgniter->runController()
 5 SYSTEMPATH/CodeIgniter.php(361): CodeIgniter\CodeIgniter->handleRequest()
 6 FCPATH/index.php(85): CodeIgniter\CodeIgniter->run()
CRITICAL - 2024-11-14 18:45:37 --> ErrorException: Undefined array key "expiresAt"
in APPPATH/Controllers/UserController.php on line 200.
 1 APPPATH/Controllers/UserController.php(200): CodeIgniter\Debug\Exceptions->errorHandler()
 2 APPPATH/Controllers/UserController.php(173): App\Controllers\UserController->isValidSession()
 3 SYSTEMPATH/CodeIgniter.php(941): App\Controllers\UserController->verifySession()
 4 SYSTEMPATH/CodeIgniter.php(502): CodeIgniter\CodeIgniter->runController()
 5 SYSTEMPATH/CodeIgniter.php(361): CodeIgniter\CodeIgniter->handleRequest()
 6 FCPATH/index.php(85): CodeIgniter\CodeIgniter->run()
CRITICAL - 2024-11-14 19:09:45 --> ErrorException: Undefined array key "expiresAt"
in APPPATH/Controllers/UserController.php on line 200.
 1 APPPATH/Controllers/UserController.php(200): CodeIgniter\Debug\Exceptions->errorHandler()
 2 APPPATH/Controllers/UserController.php(173): App\Controllers\UserController->isValidSession()
 3 SYSTEMPATH/CodeIgniter.php(941): App\Controllers\UserController->verifySession()
 4 SYSTEMPATH/CodeIgniter.php(502): CodeIgniter\CodeIgniter->runController()
 5 SYSTEMPATH/CodeIgniter.php(361): CodeIgniter\CodeIgniter->handleRequest()
 6 FCPATH/index.php(85): CodeIgniter\CodeIgniter->run()
CRITICAL - 2024-11-14 19:43:27 --> ParseError: syntax error, unexpected token "public", expecting end of file
in APPPATH/Controllers/EventController.php on line 76.
 1 SYSTEMPATH/Autoloader/Autoloader.php(288): CodeIgniter\Autoloader\Autoloader->includeFile()
 2 SYSTEMPATH/Autoloader/Autoloader.php(266): CodeIgniter\Autoloader\Autoloader->loadInNamespace()
 3 [internal function]: CodeIgniter\Autoloader\Autoloader->loadClass()
 4 SYSTEMPATH/CodeIgniter.php(899): class_exists()
 5 SYSTEMPATH/CodeIgniter.php(489): CodeIgniter\CodeIgniter->startController()
 6 SYSTEMPATH/CodeIgniter.php(361): CodeIgniter\CodeIgniter->handleRequest()
 7 FCPATH/index.php(85): CodeIgniter\CodeIgniter->run()
CRITICAL - 2024-11-14 19:43:45 --> ParseError: syntax error, unexpected token "public", expecting end of file
in APPPATH/Controllers/EventController.php on line 76.
 1 SYSTEMPATH/Autoloader/Autoloader.php(288): CodeIgniter\Autoloader\Autoloader->includeFile()
 2 SYSTEMPATH/Autoloader/Autoloader.php(266): CodeIgniter\Autoloader\Autoloader->loadInNamespace()
 3 [internal function]: CodeIgniter\Autoloader\Autoloader->loadClass()
 4 SYSTEMPATH/CodeIgniter.php(899): class_exists()
 5 SYSTEMPATH/CodeIgniter.php(489): CodeIgniter\CodeIgniter->startController()
 6 SYSTEMPATH/CodeIgniter.php(361): CodeIgniter\CodeIgniter->handleRequest()
 7 FCPATH/index.php(85): CodeIgniter\CodeIgniter->run()
CRITICAL - 2024-11-14 19:44:13 --> ErrorException: Undefined array key "expiresAt"
in APPPATH/Controllers/UserController.php on line 200.
 1 APPPATH/Controllers/UserController.php(200): CodeIgniter\Debug\Exceptions->errorHandler()
 2 APPPATH/Controllers/UserController.php(173): App\Controllers\UserController->isValidSession()
 3 SYSTEMPATH/CodeIgniter.php(941): App\Controllers\UserController->verifySession()
 4 SYSTEMPATH/CodeIgniter.php(502): CodeIgniter\CodeIgniter->runController()
 5 SYSTEMPATH/CodeIgniter.php(361): CodeIgniter\CodeIgniter->handleRequest()
 6 FCPATH/index.php(85): CodeIgniter\CodeIgniter->run()
CRITICAL - 2024-11-14 19:44:14 --> ParseError: syntax error, unexpected token "public", expecting end of file
in APPPATH/Controllers/EventController.php on line 76.
 1 SYSTEMPATH/Autoloader/Autoloader.php(288): CodeIgniter\Autoloader\Autoloader->includeFile()
 2 SYSTEMPATH/Autoloader/Autoloader.php(266): CodeIgniter\Autoloader\Autoloader->loadInNamespace()
 3 [internal function]: CodeIgniter\Autoloader\Autoloader->loadClass()
 4 SYSTEMPATH/CodeIgniter.php(899): class_exists()
 5 SYSTEMPATH/CodeIgniter.php(489): CodeIgniter\CodeIgniter->startController()
 6 SYSTEMPATH/CodeIgniter.php(361): CodeIgniter\CodeIgniter->handleRequest()
 7 FCPATH/index.php(85): CodeIgniter\CodeIgniter->run()
CRITICAL - 2024-11-14 19:51:54 --> ParseError: syntax error, unexpected token "public", expecting end of file
in APPPATH/Controllers/EventController.php on line 76.
 1 SYSTEMPATH/Autoloader/Autoloader.php(288): CodeIgniter\Autoloader\Autoloader->includeFile()
 2 SYSTEMPATH/Autoloader/Autoloader.php(266): CodeIgniter\Autoloader\Autoloader->loadInNamespace()
 3 [internal function]: CodeIgniter\Autoloader\Autoloader->loadClass()
 4 SYSTEMPATH/CodeIgniter.php(899): class_exists()
 5 SYSTEMPATH/CodeIgniter.php(489): CodeIgniter\CodeIgniter->startController()
 6 SYSTEMPATH/CodeIgniter.php(361): CodeIgniter\CodeIgniter->handleRequest()
 7 FCPATH/index.php(85): CodeIgniter\CodeIgniter->run()
CRITICAL - 2024-11-14 19:52:06 --> ParseError: syntax error, unexpected token "public", expecting end of file
in APPPATH/Controllers/EventController.php on line 76.
 1 SYSTEMPATH/Autoloader/Autoloader.php(288): CodeIgniter\Autoloader\Autoloader->includeFile()
 2 SYSTEMPATH/Autoloader/Autoloader.php(266): CodeIgniter\Autoloader\Autoloader->loadInNamespace()
 3 [internal function]: CodeIgniter\Autoloader\Autoloader->loadClass()
 4 SYSTEMPATH/CodeIgniter.php(899): class_exists()
 5 SYSTEMPATH/CodeIgniter.php(489): CodeIgniter\CodeIgniter->startController()
 6 SYSTEMPATH/CodeIgniter.php(361): CodeIgniter\CodeIgniter->handleRequest()
 7 FCPATH/index.php(85): CodeIgniter\CodeIgniter->run()
CRITICAL - 2024-11-14 19:52:12 --> ParseError: syntax error, unexpected token "public", expecting end of file
in APPPATH/Controllers/EventController.php on line 76.
 1 SYSTEMPATH/Autoloader/Autoloader.php(288): CodeIgniter\Autoloader\Autoloader->includeFile()
 2 SYSTEMPATH/Autoloader/Autoloader.php(266): CodeIgniter\Autoloader\Autoloader->loadInNamespace()
 3 [internal function]: CodeIgniter\Autoloader\Autoloader->loadClass()
 4 SYSTEMPATH/CodeIgniter.php(899): class_exists()
 5 SYSTEMPATH/CodeIgniter.php(489): CodeIgniter\CodeIgniter->startController()
 6 SYSTEMPATH/CodeIgniter.php(361): CodeIgniter\CodeIgniter->handleRequest()
 7 FCPATH/index.php(85): CodeIgniter\CodeIgniter->run()
CRITICAL - 2024-11-14 19:56:14 --> ErrorException: Undefined array key "expiresAt"
in APPPATH/Controllers/UserController.php on line 200.
 1 APPPATH/Controllers/UserController.php(200): CodeIgniter\Debug\Exceptions->errorHandler()
 2 APPPATH/Controllers/UserController.php(173): App\Controllers\UserController->isValidSession()
 3 SYSTEMPATH/CodeIgniter.php(941): App\Controllers\UserController->verifySession()
 4 SYSTEMPATH/CodeIgniter.php(502): CodeIgniter\CodeIgniter->runController()
 5 SYSTEMPATH/CodeIgniter.php(361): CodeIgniter\CodeIgniter->handleRequest()
 6 FCPATH/index.php(85): CodeIgniter\CodeIgniter->run()
