CRITICAL - 2024-11-10 02:54:29 --> ErrorException: Undefined array key "expiresAt"
in APPPATH/Controllers/UserController.php on line 200.
 1 APPPATH/Controllers/UserController.php(200): CodeIgniter\Debug\Exceptions->errorHandler()
 2 APPPATH/Controllers/UserController.php(173): App\Controllers\UserController->isValidSession()
 3 SYSTEMPATH/CodeIgniter.php(941): App\Controllers\UserController->verifySession()
 4 SYSTEMPATH/CodeIgniter.php(502): CodeIgniter\CodeIgniter->runController()
 5 SYSTEMPATH/CodeIgniter.php(361): CodeIgniter\CodeIgniter->handleRequest()
 6 FCPATH/index.php(85): CodeIgniter\CodeIgniter->run()
CRITICAL - 2024-11-10 02:54:35 --> ErrorException: Undefined array key "expiresAt"
in APPPATH/Controllers/UserController.php on line 200.
 1 APPPATH/Controllers/UserController.php(200): CodeIgniter\Debug\Exceptions->errorHandler()
 2 APPPATH/Controllers/UserController.php(173): App\Controllers\UserController->isValidSession()
 3 SYSTEMPATH/CodeIgniter.php(941): App\Controllers\UserController->verifySession()
 4 SYSTEMPATH/CodeIgniter.php(502): CodeIgniter\CodeIgniter->runController()
 5 SYSTEMPATH/CodeIgniter.php(361): CodeIgniter\CodeIgniter->handleRequest()
 6 FCPATH/index.php(85): CodeIgniter\CodeIgniter->run()
CRITICAL - 2024-11-10 02:54:38 --> ErrorException: Undefined array key "expiresAt"
in APPPATH/Controllers/UserController.php on line 200.
 1 APPPATH/Controllers/UserController.php(200): CodeIgniter\Debug\Exceptions->errorHandler()
 2 APPPATH/Controllers/UserController.php(173): App\Controllers\UserController->isValidSession()
 3 SYSTEMPATH/CodeIgniter.php(941): App\Controllers\UserController->verifySession()
 4 SYSTEMPATH/CodeIgniter.php(502): CodeIgniter\CodeIgniter->runController()
 5 SYSTEMPATH/CodeIgniter.php(361): CodeIgniter\CodeIgniter->handleRequest()
 6 FCPATH/index.php(85): CodeIgniter\CodeIgniter->run()
CRITICAL - 2024-11-10 02:54:42 --> ErrorException: Undefined array key "expiresAt"
in APPPATH/Controllers/UserController.php on line 200.
 1 APPPATH/Controllers/UserController.php(200): CodeIgniter\Debug\Exceptions->errorHandler()
 2 APPPATH/Controllers/UserController.php(173): App\Controllers\UserController->isValidSession()
 3 SYSTEMPATH/CodeIgniter.php(941): App\Controllers\UserController->verifySession()
 4 SYSTEMPATH/CodeIgniter.php(502): CodeIgniter\CodeIgniter->runController()
 5 SYSTEMPATH/CodeIgniter.php(361): CodeIgniter\CodeIgniter->handleRequest()
 6 FCPATH/index.php(85): CodeIgniter\CodeIgniter->run()
CRITICAL - 2024-11-10 02:59:43 --> ErrorException: Undefined array key "expiresAt"
in APPPATH/Controllers/UserController.php on line 200.
 1 APPPATH/Controllers/UserController.php(200): CodeIgniter\Debug\Exceptions->errorHandler()
 2 APPPATH/Controllers/UserController.php(173): App\Controllers\UserController->isValidSession()
 3 SYSTEMPATH/CodeIgniter.php(941): App\Controllers\UserController->verifySession()
 4 SYSTEMPATH/CodeIgniter.php(502): CodeIgniter\CodeIgniter->runController()
 5 SYSTEMPATH/CodeIgniter.php(361): CodeIgniter\CodeIgniter->handleRequest()
 6 FCPATH/index.php(85): CodeIgniter\CodeIgniter->run()
CRITICAL - 2024-11-10 03:07:01 --> ErrorException: Undefined array key "expiresAt"
in APPPATH/Controllers/UserController.php on line 200.
 1 APPPATH/Controllers/UserController.php(200): CodeIgniter\Debug\Exceptions->errorHandler()
 2 APPPATH/Controllers/UserController.php(173): App\Controllers\UserController->isValidSession()
 3 SYSTEMPATH/CodeIgniter.php(941): App\Controllers\UserController->verifySession()
 4 SYSTEMPATH/CodeIgniter.php(502): CodeIgniter\CodeIgniter->runController()
 5 SYSTEMPATH/CodeIgniter.php(361): CodeIgniter\CodeIgniter->handleRequest()
 6 FCPATH/index.php(85): CodeIgniter\CodeIgniter->run()
CRITICAL - 2024-11-10 03:07:24 --> ErrorException: Undefined array key "expiresAt"
in APPPATH/Controllers/UserController.php on line 200.
 1 APPPATH/Controllers/UserController.php(200): CodeIgniter\Debug\Exceptions->errorHandler()
 2 APPPATH/Controllers/UserController.php(173): App\Controllers\UserController->isValidSession()
 3 SYSTEMPATH/CodeIgniter.php(941): App\Controllers\UserController->verifySession()
 4 SYSTEMPATH/CodeIgniter.php(502): CodeIgniter\CodeIgniter->runController()
 5 SYSTEMPATH/CodeIgniter.php(361): CodeIgniter\CodeIgniter->handleRequest()
 6 FCPATH/index.php(85): CodeIgniter\CodeIgniter->run()
CRITICAL - 2024-11-10 03:07:31 --> ErrorException: Undefined array key "expiresAt"
in APPPATH/Controllers/UserController.php on line 200.
 1 APPPATH/Controllers/UserController.php(200): CodeIgniter\Debug\Exceptions->errorHandler()
 2 APPPATH/Controllers/UserController.php(173): App\Controllers\UserController->isValidSession()
 3 SYSTEMPATH/CodeIgniter.php(941): App\Controllers\UserController->verifySession()
 4 SYSTEMPATH/CodeIgniter.php(502): CodeIgniter\CodeIgniter->runController()
 5 SYSTEMPATH/CodeIgniter.php(361): CodeIgniter\CodeIgniter->handleRequest()
 6 FCPATH/index.php(85): CodeIgniter\CodeIgniter->run()
CRITICAL - 2024-11-10 03:07:45 --> ErrorException: Undefined array key "expiresAt"
in APPPATH/Controllers/UserController.php on line 200.
 1 APPPATH/Controllers/UserController.php(200): CodeIgniter\Debug\Exceptions->errorHandler()
 2 APPPATH/Controllers/UserController.php(173): App\Controllers\UserController->isValidSession()
 3 SYSTEMPATH/CodeIgniter.php(941): App\Controllers\UserController->verifySession()
 4 SYSTEMPATH/CodeIgniter.php(502): CodeIgniter\CodeIgniter->runController()
 5 SYSTEMPATH/CodeIgniter.php(361): CodeIgniter\CodeIgniter->handleRequest()
 6 FCPATH/index.php(85): CodeIgniter\CodeIgniter->run()
CRITICAL - 2024-11-10 03:07:50 --> ErrorException: Undefined array key "expiresAt"
in APPPATH/Controllers/UserController.php on line 200.
 1 APPPATH/Controllers/UserController.php(200): CodeIgniter\Debug\Exceptions->errorHandler()
 2 APPPATH/Controllers/UserController.php(173): App\Controllers\UserController->isValidSession()
 3 SYSTEMPATH/CodeIgniter.php(941): App\Controllers\UserController->verifySession()
 4 SYSTEMPATH/CodeIgniter.php(502): CodeIgniter\CodeIgniter->runController()
 5 SYSTEMPATH/CodeIgniter.php(361): CodeIgniter\CodeIgniter->handleRequest()
 6 FCPATH/index.php(85): CodeIgniter\CodeIgniter->run()
CRITICAL - 2024-11-10 03:29:00 --> ErrorException: Undefined array key "expiresAt"
in APPPATH/Controllers/UserController.php on line 200.
 1 APPPATH/Controllers/UserController.php(200): CodeIgniter\Debug\Exceptions->errorHandler()
 2 APPPATH/Controllers/UserController.php(173): App\Controllers\UserController->isValidSession()
 3 SYSTEMPATH/CodeIgniter.php(941): App\Controllers\UserController->verifySession()
 4 SYSTEMPATH/CodeIgniter.php(502): CodeIgniter\CodeIgniter->runController()
 5 SYSTEMPATH/CodeIgniter.php(361): CodeIgniter\CodeIgniter->handleRequest()
 6 FCPATH/index.php(85): CodeIgniter\CodeIgniter->run()
CRITICAL - 2024-11-10 03:41:35 --> ErrorException: Undefined array key "expiresAt"
in APPPATH/Controllers/UserController.php on line 200.
 1 APPPATH/Controllers/UserController.php(200): CodeIgniter\Debug\Exceptions->errorHandler()
 2 APPPATH/Controllers/UserController.php(173): App\Controllers\UserController->isValidSession()
 3 SYSTEMPATH/CodeIgniter.php(941): App\Controllers\UserController->verifySession()
 4 SYSTEMPATH/CodeIgniter.php(502): CodeIgniter\CodeIgniter->runController()
 5 SYSTEMPATH/CodeIgniter.php(361): CodeIgniter\CodeIgniter->handleRequest()
 6 FCPATH/index.php(85): CodeIgniter\CodeIgniter->run()
CRITICAL - 2024-11-10 03:52:37 --> ErrorException: Undefined array key "expiresAt"
in APPPATH/Controllers/UserController.php on line 200.
 1 APPPATH/Controllers/UserController.php(200): CodeIgniter\Debug\Exceptions->errorHandler()
 2 APPPATH/Controllers/UserController.php(173): App\Controllers\UserController->isValidSession()
 3 SYSTEMPATH/CodeIgniter.php(941): App\Controllers\UserController->verifySession()
 4 SYSTEMPATH/CodeIgniter.php(502): CodeIgniter\CodeIgniter->runController()
 5 SYSTEMPATH/CodeIgniter.php(361): CodeIgniter\CodeIgniter->handleRequest()
 6 FCPATH/index.php(85): CodeIgniter\CodeIgniter->run()
CRITICAL - 2024-11-10 03:52:42 --> ErrorException: Undefined array key "expiresAt"
in APPPATH/Controllers/UserController.php on line 200.
 1 APPPATH/Controllers/UserController.php(200): CodeIgniter\Debug\Exceptions->errorHandler()
 2 APPPATH/Controllers/UserController.php(173): App\Controllers\UserController->isValidSession()
 3 SYSTEMPATH/CodeIgniter.php(941): App\Controllers\UserController->verifySession()
 4 SYSTEMPATH/CodeIgniter.php(502): CodeIgniter\CodeIgniter->runController()
 5 SYSTEMPATH/CodeIgniter.php(361): CodeIgniter\CodeIgniter->handleRequest()
 6 FCPATH/index.php(85): CodeIgniter\CodeIgniter->run()
CRITICAL - 2024-11-10 03:52:49 --> ErrorException: Undefined array key "expiresAt"
in APPPATH/Controllers/UserController.php on line 200.
 1 APPPATH/Controllers/UserController.php(200): CodeIgniter\Debug\Exceptions->errorHandler()
 2 APPPATH/Controllers/UserController.php(173): App\Controllers\UserController->isValidSession()
 3 SYSTEMPATH/CodeIgniter.php(941): App\Controllers\UserController->verifySession()
 4 SYSTEMPATH/CodeIgniter.php(502): CodeIgniter\CodeIgniter->runController()
 5 SYSTEMPATH/CodeIgniter.php(361): CodeIgniter\CodeIgniter->handleRequest()
 6 FCPATH/index.php(85): CodeIgniter\CodeIgniter->run()
CRITICAL - 2024-11-10 03:52:57 --> ErrorException: Undefined array key "expiresAt"
in APPPATH/Controllers/UserController.php on line 200.
 1 APPPATH/Controllers/UserController.php(200): CodeIgniter\Debug\Exceptions->errorHandler()
 2 APPPATH/Controllers/UserController.php(173): App\Controllers\UserController->isValidSession()
 3 SYSTEMPATH/CodeIgniter.php(941): App\Controllers\UserController->verifySession()
 4 SYSTEMPATH/CodeIgniter.php(502): CodeIgniter\CodeIgniter->runController()
 5 SYSTEMPATH/CodeIgniter.php(361): CodeIgniter\CodeIgniter->handleRequest()
 6 FCPATH/index.php(85): CodeIgniter\CodeIgniter->run()
CRITICAL - 2024-11-10 04:48:17 --> ErrorException: Undefined array key "expiresAt"
in APPPATH/Controllers/UserController.php on line 200.
 1 APPPATH/Controllers/UserController.php(200): CodeIgniter\Debug\Exceptions->errorHandler()
 2 APPPATH/Controllers/UserController.php(173): App\Controllers\UserController->isValidSession()
 3 SYSTEMPATH/CodeIgniter.php(941): App\Controllers\UserController->verifySession()
 4 SYSTEMPATH/CodeIgniter.php(502): CodeIgniter\CodeIgniter->runController()
 5 SYSTEMPATH/CodeIgniter.php(361): CodeIgniter\CodeIgniter->handleRequest()
 6 FCPATH/index.php(85): CodeIgniter\CodeIgniter->run()
CRITICAL - 2024-11-10 04:51:21 --> ErrorException: Undefined array key "expiresAt"
in APPPATH/Controllers/UserController.php on line 200.
 1 APPPATH/Controllers/UserController.php(200): CodeIgniter\Debug\Exceptions->errorHandler()
 2 APPPATH/Controllers/UserController.php(173): App\Controllers\UserController->isValidSession()
 3 SYSTEMPATH/CodeIgniter.php(941): App\Controllers\UserController->verifySession()
 4 SYSTEMPATH/CodeIgniter.php(502): CodeIgniter\CodeIgniter->runController()
 5 SYSTEMPATH/CodeIgniter.php(361): CodeIgniter\CodeIgniter->handleRequest()
 6 FCPATH/index.php(85): CodeIgniter\CodeIgniter->run()
CRITICAL - 2024-11-10 04:51:42 --> ErrorException: Undefined array key "expiresAt"
in APPPATH/Controllers/UserController.php on line 200.
 1 APPPATH/Controllers/UserController.php(200): CodeIgniter\Debug\Exceptions->errorHandler()
 2 APPPATH/Controllers/UserController.php(173): App\Controllers\UserController->isValidSession()
 3 SYSTEMPATH/CodeIgniter.php(941): App\Controllers\UserController->verifySession()
 4 SYSTEMPATH/CodeIgniter.php(502): CodeIgniter\CodeIgniter->runController()
 5 SYSTEMPATH/CodeIgniter.php(361): CodeIgniter\CodeIgniter->handleRequest()
 6 FCPATH/index.php(85): CodeIgniter\CodeIgniter->run()
CRITICAL - 2024-11-10 04:56:20 --> ErrorException: Undefined array key "expiresAt"
in APPPATH/Controllers/UserController.php on line 200.
 1 APPPATH/Controllers/UserController.php(200): CodeIgniter\Debug\Exceptions->errorHandler()
 2 APPPATH/Controllers/UserController.php(173): App\Controllers\UserController->isValidSession()
 3 SYSTEMPATH/CodeIgniter.php(941): App\Controllers\UserController->verifySession()
 4 SYSTEMPATH/CodeIgniter.php(502): CodeIgniter\CodeIgniter->runController()
 5 SYSTEMPATH/CodeIgniter.php(361): CodeIgniter\CodeIgniter->handleRequest()
 6 FCPATH/index.php(85): CodeIgniter\CodeIgniter->run()
CRITICAL - 2024-11-10 04:57:23 --> ErrorException: Undefined array key "expiresAt"
in APPPATH/Controllers/UserController.php on line 200.
 1 APPPATH/Controllers/UserController.php(200): CodeIgniter\Debug\Exceptions->errorHandler()
 2 APPPATH/Controllers/UserController.php(173): App\Controllers\UserController->isValidSession()
 3 SYSTEMPATH/CodeIgniter.php(941): App\Controllers\UserController->verifySession()
 4 SYSTEMPATH/CodeIgniter.php(502): CodeIgniter\CodeIgniter->runController()
 5 SYSTEMPATH/CodeIgniter.php(361): CodeIgniter\CodeIgniter->handleRequest()
 6 FCPATH/index.php(85): CodeIgniter\CodeIgniter->run()
CRITICAL - 2024-11-10 05:33:59 --> ErrorException: Undefined array key "expiresAt"
in APPPATH/Controllers/UserController.php on line 200.
 1 APPPATH/Controllers/UserController.php(200): CodeIgniter\Debug\Exceptions->errorHandler()
 2 APPPATH/Controllers/UserController.php(173): App\Controllers\UserController->isValidSession()
 3 SYSTEMPATH/CodeIgniter.php(941): App\Controllers\UserController->verifySession()
 4 SYSTEMPATH/CodeIgniter.php(502): CodeIgniter\CodeIgniter->runController()
 5 SYSTEMPATH/CodeIgniter.php(361): CodeIgniter\CodeIgniter->handleRequest()
 6 FCPATH/index.php(85): CodeIgniter\CodeIgniter->run()
CRITICAL - 2024-11-10 05:34:56 --> ErrorException: Undefined array key "expiresAt"
in APPPATH/Controllers/UserController.php on line 200.
 1 APPPATH/Controllers/UserController.php(200): CodeIgniter\Debug\Exceptions->errorHandler()
 2 APPPATH/Controllers/UserController.php(173): App\Controllers\UserController->isValidSession()
 3 SYSTEMPATH/CodeIgniter.php(941): App\Controllers\UserController->verifySession()
 4 SYSTEMPATH/CodeIgniter.php(502): CodeIgniter\CodeIgniter->runController()
 5 SYSTEMPATH/CodeIgniter.php(361): CodeIgniter\CodeIgniter->handleRequest()
 6 FCPATH/index.php(85): CodeIgniter\CodeIgniter->run()
CRITICAL - 2024-11-10 05:35:17 --> ErrorException: Undefined array key "expiresAt"
in APPPATH/Controllers/UserController.php on line 200.
 1 APPPATH/Controllers/UserController.php(200): CodeIgniter\Debug\Exceptions->errorHandler()
 2 APPPATH/Controllers/UserController.php(173): App\Controllers\UserController->isValidSession()
 3 SYSTEMPATH/CodeIgniter.php(941): App\Controllers\UserController->verifySession()
 4 SYSTEMPATH/CodeIgniter.php(502): CodeIgniter\CodeIgniter->runController()
 5 SYSTEMPATH/CodeIgniter.php(361): CodeIgniter\CodeIgniter->handleRequest()
 6 FCPATH/index.php(85): CodeIgniter\CodeIgniter->run()
CRITICAL - 2024-11-10 05:36:07 --> ErrorException: Undefined array key "expiresAt"
in APPPATH/Controllers/UserController.php on line 200.
 1 APPPATH/Controllers/UserController.php(200): CodeIgniter\Debug\Exceptions->errorHandler()
 2 APPPATH/Controllers/UserController.php(173): App\Controllers\UserController->isValidSession()
 3 SYSTEMPATH/CodeIgniter.php(941): App\Controllers\UserController->verifySession()
 4 SYSTEMPATH/CodeIgniter.php(502): CodeIgniter\CodeIgniter->runController()
 5 SYSTEMPATH/CodeIgniter.php(361): CodeIgniter\CodeIgniter->handleRequest()
 6 FCPATH/index.php(85): CodeIgniter\CodeIgniter->run()
CRITICAL - 2024-11-10 05:36:22 --> ErrorException: Undefined array key "expiresAt"
in APPPATH/Controllers/UserController.php on line 200.
 1 APPPATH/Controllers/UserController.php(200): CodeIgniter\Debug\Exceptions->errorHandler()
 2 APPPATH/Controllers/UserController.php(173): App\Controllers\UserController->isValidSession()
 3 SYSTEMPATH/CodeIgniter.php(941): App\Controllers\UserController->verifySession()
 4 SYSTEMPATH/CodeIgniter.php(502): CodeIgniter\CodeIgniter->runController()
 5 SYSTEMPATH/CodeIgniter.php(361): CodeIgniter\CodeIgniter->handleRequest()
 6 FCPATH/index.php(85): CodeIgniter\CodeIgniter->run()
CRITICAL - 2024-11-10 05:37:34 --> ErrorException: Undefined array key "expiresAt"
in APPPATH/Controllers/UserController.php on line 200.
 1 APPPATH/Controllers/UserController.php(200): CodeIgniter\Debug\Exceptions->errorHandler()
 2 APPPATH/Controllers/UserController.php(173): App\Controllers\UserController->isValidSession()
 3 SYSTEMPATH/CodeIgniter.php(941): App\Controllers\UserController->verifySession()
 4 SYSTEMPATH/CodeIgniter.php(502): CodeIgniter\CodeIgniter->runController()
 5 SYSTEMPATH/CodeIgniter.php(361): CodeIgniter\CodeIgniter->handleRequest()
 6 FCPATH/index.php(85): CodeIgniter\CodeIgniter->run()
CRITICAL - 2024-11-10 05:37:43 --> ErrorException: Undefined array key "expiresAt"
in APPPATH/Controllers/UserController.php on line 200.
 1 APPPATH/Controllers/UserController.php(200): CodeIgniter\Debug\Exceptions->errorHandler()
 2 APPPATH/Controllers/UserController.php(173): App\Controllers\UserController->isValidSession()
 3 SYSTEMPATH/CodeIgniter.php(941): App\Controllers\UserController->verifySession()
 4 SYSTEMPATH/CodeIgniter.php(502): CodeIgniter\CodeIgniter->runController()
 5 SYSTEMPATH/CodeIgniter.php(361): CodeIgniter\CodeIgniter->handleRequest()
 6 FCPATH/index.php(85): CodeIgniter\CodeIgniter->run()
CRITICAL - 2024-11-10 05:53:56 --> ErrorException: Undefined property: stdClass::$status
in APPPATH/Controllers/Home.php on line 257.
 1 APPPATH/Controllers/Home.php(257): CodeIgniter\Debug\Exceptions->errorHandler()
 2 SYSTEMPATH/CodeIgniter.php(941): App\Controllers\Home->addSchedule()
 3 SYSTEMPATH/CodeIgniter.php(502): CodeIgniter\CodeIgniter->runController()
 4 SYSTEMPATH/CodeIgniter.php(361): CodeIgniter\CodeIgniter->handleRequest()
 5 FCPATH/index.php(85): CodeIgniter\CodeIgniter->run()
CRITICAL - 2024-11-10 05:54:12 --> ErrorException: Undefined property: stdClass::$status
in APPPATH/Controllers/Home.php on line 257.
 1 APPPATH/Controllers/Home.php(257): CodeIgniter\Debug\Exceptions->errorHandler()
 2 SYSTEMPATH/CodeIgniter.php(941): App\Controllers\Home->addSchedule()
 3 SYSTEMPATH/CodeIgniter.php(502): CodeIgniter\CodeIgniter->runController()
 4 SYSTEMPATH/CodeIgniter.php(361): CodeIgniter\CodeIgniter->handleRequest()
 5 FCPATH/index.php(85): CodeIgniter\CodeIgniter->run()
CRITICAL - 2024-11-10 05:56:26 --> ErrorException: Undefined array key "expiresAt"
in APPPATH/Controllers/UserController.php on line 200.
 1 APPPATH/Controllers/UserController.php(200): CodeIgniter\Debug\Exceptions->errorHandler()
 2 APPPATH/Controllers/UserController.php(173): App\Controllers\UserController->isValidSession()
 3 SYSTEMPATH/CodeIgniter.php(941): App\Controllers\UserController->verifySession()
 4 SYSTEMPATH/CodeIgniter.php(502): CodeIgniter\CodeIgniter->runController()
 5 SYSTEMPATH/CodeIgniter.php(361): CodeIgniter\CodeIgniter->handleRequest()
 6 FCPATH/index.php(85): CodeIgniter\CodeIgniter->run()
CRITICAL - 2024-11-10 05:57:47 --> ParseError: syntax error, unexpected token "public", expecting end of file
in APPPATH/Controllers/Home.php on line 293.
 1 SYSTEMPATH/Autoloader/Autoloader.php(288): CodeIgniter\Autoloader\Autoloader->includeFile()
 2 SYSTEMPATH/Autoloader/Autoloader.php(266): CodeIgniter\Autoloader\Autoloader->loadInNamespace()
 3 [internal function]: CodeIgniter\Autoloader\Autoloader->loadClass()
 4 SYSTEMPATH/CodeIgniter.php(899): class_exists()
 5 SYSTEMPATH/CodeIgniter.php(489): CodeIgniter\CodeIgniter->startController()
 6 SYSTEMPATH/CodeIgniter.php(361): CodeIgniter\CodeIgniter->handleRequest()
 7 FCPATH/index.php(85): CodeIgniter\CodeIgniter->run()
CRITICAL - 2024-11-10 05:58:33 --> ParseError: syntax error, unexpected token "public", expecting end of file
in APPPATH/Controllers/Home.php on line 293.
 1 SYSTEMPATH/Autoloader/Autoloader.php(288): CodeIgniter\Autoloader\Autoloader->includeFile()
 2 SYSTEMPATH/Autoloader/Autoloader.php(266): CodeIgniter\Autoloader\Autoloader->loadInNamespace()
 3 [internal function]: CodeIgniter\Autoloader\Autoloader->loadClass()
 4 SYSTEMPATH/CodeIgniter.php(899): class_exists()
 5 SYSTEMPATH/CodeIgniter.php(489): CodeIgniter\CodeIgniter->startController()
 6 SYSTEMPATH/CodeIgniter.php(361): CodeIgniter\CodeIgniter->handleRequest()
 7 FCPATH/index.php(85): CodeIgniter\CodeIgniter->run()
CRITICAL - 2024-11-10 05:58:41 --> ParseError: syntax error, unexpected token "public", expecting end of file
in APPPATH/Controllers/Home.php on line 293.
 1 SYSTEMPATH/Autoloader/Autoloader.php(288): CodeIgniter\Autoloader\Autoloader->includeFile()
 2 SYSTEMPATH/Autoloader/Autoloader.php(266): CodeIgniter\Autoloader\Autoloader->loadInNamespace()
 3 [internal function]: CodeIgniter\Autoloader\Autoloader->loadClass()
 4 SYSTEMPATH/CodeIgniter.php(899): class_exists()
 5 SYSTEMPATH/CodeIgniter.php(489): CodeIgniter\CodeIgniter->startController()
 6 SYSTEMPATH/CodeIgniter.php(361): CodeIgniter\CodeIgniter->handleRequest()
 7 FCPATH/index.php(85): CodeIgniter\CodeIgniter->run()
CRITICAL - 2024-11-10 06:00:42 --> ErrorException: Undefined array key "expiresAt"
in APPPATH/Controllers/UserController.php on line 200.
 1 APPPATH/Controllers/UserController.php(200): CodeIgniter\Debug\Exceptions->errorHandler()
 2 APPPATH/Controllers/UserController.php(173): App\Controllers\UserController->isValidSession()
 3 SYSTEMPATH/CodeIgniter.php(941): App\Controllers\UserController->verifySession()
 4 SYSTEMPATH/CodeIgniter.php(502): CodeIgniter\CodeIgniter->runController()
 5 SYSTEMPATH/CodeIgniter.php(361): CodeIgniter\CodeIgniter->handleRequest()
 6 FCPATH/index.php(85): CodeIgniter\CodeIgniter->run()
CRITICAL - 2024-11-10 15:15:38 --> ErrorException: Undefined array key "expiresAt"
in APPPATH/Controllers/UserController.php on line 200.
 1 APPPATH/Controllers/UserController.php(200): CodeIgniter\Debug\Exceptions->errorHandler()
 2 APPPATH/Controllers/UserController.php(173): App\Controllers\UserController->isValidSession()
 3 SYSTEMPATH/CodeIgniter.php(941): App\Controllers\UserController->verifySession()
 4 SYSTEMPATH/CodeIgniter.php(502): CodeIgniter\CodeIgniter->runController()
 5 SYSTEMPATH/CodeIgniter.php(361): CodeIgniter\CodeIgniter->handleRequest()
 6 FCPATH/index.php(85): CodeIgniter\CodeIgniter->run()
CRITICAL - 2024-11-10 15:15:42 --> ErrorException: Undefined array key "expiresAt"
in APPPATH/Controllers/UserController.php on line 200.
 1 APPPATH/Controllers/UserController.php(200): CodeIgniter\Debug\Exceptions->errorHandler()
 2 APPPATH/Controllers/UserController.php(173): App\Controllers\UserController->isValidSession()
 3 SYSTEMPATH/CodeIgniter.php(941): App\Controllers\UserController->verifySession()
 4 SYSTEMPATH/CodeIgniter.php(502): CodeIgniter\CodeIgniter->runController()
 5 SYSTEMPATH/CodeIgniter.php(361): CodeIgniter\CodeIgniter->handleRequest()
 6 FCPATH/index.php(85): CodeIgniter\CodeIgniter->run()
CRITICAL - 2024-11-10 15:15:58 --> ErrorException: Undefined array key "expiresAt"
in APPPATH/Controllers/UserController.php on line 200.
 1 APPPATH/Controllers/UserController.php(200): CodeIgniter\Debug\Exceptions->errorHandler()
 2 APPPATH/Controllers/UserController.php(173): App\Controllers\UserController->isValidSession()
 3 SYSTEMPATH/CodeIgniter.php(941): App\Controllers\UserController->verifySession()
 4 SYSTEMPATH/CodeIgniter.php(502): CodeIgniter\CodeIgniter->runController()
 5 SYSTEMPATH/CodeIgniter.php(361): CodeIgniter\CodeIgniter->handleRequest()
 6 FCPATH/index.php(85): CodeIgniter\CodeIgniter->run()
CRITICAL - 2024-11-10 15:16:00 --> ErrorException: Undefined array key "expiresAt"
in APPPATH/Controllers/UserController.php on line 200.
 1 APPPATH/Controllers/UserController.php(200): CodeIgniter\Debug\Exceptions->errorHandler()
 2 APPPATH/Controllers/UserController.php(173): App\Controllers\UserController->isValidSession()
 3 SYSTEMPATH/CodeIgniter.php(941): App\Controllers\UserController->verifySession()
 4 SYSTEMPATH/CodeIgniter.php(502): CodeIgniter\CodeIgniter->runController()
 5 SYSTEMPATH/CodeIgniter.php(361): CodeIgniter\CodeIgniter->handleRequest()
 6 FCPATH/index.php(85): CodeIgniter\CodeIgniter->run()
CRITICAL - 2024-11-10 15:16:01 --> ErrorException: Undefined array key "expiresAt"
in APPPATH/Controllers/UserController.php on line 200.
 1 APPPATH/Controllers/UserController.php(200): CodeIgniter\Debug\Exceptions->errorHandler()
 2 APPPATH/Controllers/UserController.php(173): App\Controllers\UserController->isValidSession()
 3 SYSTEMPATH/CodeIgniter.php(941): App\Controllers\UserController->verifySession()
 4 SYSTEMPATH/CodeIgniter.php(502): CodeIgniter\CodeIgniter->runController()
 5 SYSTEMPATH/CodeIgniter.php(361): CodeIgniter\CodeIgniter->handleRequest()
 6 FCPATH/index.php(85): CodeIgniter\CodeIgniter->run()
CRITICAL - 2024-11-10 15:18:49 --> ErrorException: Undefined array key "expiresAt"
in APPPATH/Controllers/UserController.php on line 200.
 1 APPPATH/Controllers/UserController.php(200): CodeIgniter\Debug\Exceptions->errorHandler()
 2 APPPATH/Controllers/UserController.php(173): App\Controllers\UserController->isValidSession()
 3 SYSTEMPATH/CodeIgniter.php(941): App\Controllers\UserController->verifySession()
 4 SYSTEMPATH/CodeIgniter.php(502): CodeIgniter\CodeIgniter->runController()
 5 SYSTEMPATH/CodeIgniter.php(361): CodeIgniter\CodeIgniter->handleRequest()
 6 FCPATH/index.php(85): CodeIgniter\CodeIgniter->run()
CRITICAL - 2024-11-10 15:58:13 --> ErrorException: Undefined array key "expiresAt"
in APPPATH/Controllers/UserController.php on line 200.
 1 APPPATH/Controllers/UserController.php(200): CodeIgniter\Debug\Exceptions->errorHandler()
 2 APPPATH/Controllers/UserController.php(173): App\Controllers\UserController->isValidSession()
 3 SYSTEMPATH/CodeIgniter.php(941): App\Controllers\UserController->verifySession()
 4 SYSTEMPATH/CodeIgniter.php(502): CodeIgniter\CodeIgniter->runController()
 5 SYSTEMPATH/CodeIgniter.php(361): CodeIgniter\CodeIgniter->handleRequest()
 6 FCPATH/index.php(85): CodeIgniter\CodeIgniter->run()
CRITICAL - 2024-11-10 16:42:59 --> ErrorException: Undefined array key "expiresAt"
in APPPATH/Controllers/UserController.php on line 200.
 1 APPPATH/Controllers/UserController.php(200): CodeIgniter\Debug\Exceptions->errorHandler()
 2 APPPATH/Controllers/UserController.php(173): App\Controllers\UserController->isValidSession()
 3 SYSTEMPATH/CodeIgniter.php(941): App\Controllers\UserController->verifySession()
 4 SYSTEMPATH/CodeIgniter.php(502): CodeIgniter\CodeIgniter->runController()
 5 SYSTEMPATH/CodeIgniter.php(361): CodeIgniter\CodeIgniter->handleRequest()
 6 FCPATH/index.php(85): CodeIgniter\CodeIgniter->run()
CRITICAL - 2024-11-10 16:43:21 --> ErrorException: Undefined array key "expiresAt"
in APPPATH/Controllers/UserController.php on line 200.
 1 APPPATH/Controllers/UserController.php(200): CodeIgniter\Debug\Exceptions->errorHandler()
 2 APPPATH/Controllers/UserController.php(173): App\Controllers\UserController->isValidSession()
 3 SYSTEMPATH/CodeIgniter.php(941): App\Controllers\UserController->verifySession()
 4 SYSTEMPATH/CodeIgniter.php(502): CodeIgniter\CodeIgniter->runController()
 5 SYSTEMPATH/CodeIgniter.php(361): CodeIgniter\CodeIgniter->handleRequest()
 6 FCPATH/index.php(85): CodeIgniter\CodeIgniter->run()
CRITICAL - 2024-11-10 16:43:40 --> ErrorException: Undefined array key "expiresAt"
in APPPATH/Controllers/UserController.php on line 200.
 1 APPPATH/Controllers/UserController.php(200): CodeIgniter\Debug\Exceptions->errorHandler()
 2 APPPATH/Controllers/UserController.php(173): App\Controllers\UserController->isValidSession()
 3 SYSTEMPATH/CodeIgniter.php(941): App\Controllers\UserController->verifySession()
 4 SYSTEMPATH/CodeIgniter.php(502): CodeIgniter\CodeIgniter->runController()
 5 SYSTEMPATH/CodeIgniter.php(361): CodeIgniter\CodeIgniter->handleRequest()
 6 FCPATH/index.php(85): CodeIgniter\CodeIgniter->run()
CRITICAL - 2024-11-10 16:44:34 --> ErrorException: Undefined array key "expiresAt"
in APPPATH/Controllers/UserController.php on line 200.
 1 APPPATH/Controllers/UserController.php(200): CodeIgniter\Debug\Exceptions->errorHandler()
 2 APPPATH/Controllers/UserController.php(173): App\Controllers\UserController->isValidSession()
 3 SYSTEMPATH/CodeIgniter.php(941): App\Controllers\UserController->verifySession()
 4 SYSTEMPATH/CodeIgniter.php(502): CodeIgniter\CodeIgniter->runController()
 5 SYSTEMPATH/CodeIgniter.php(361): CodeIgniter\CodeIgniter->handleRequest()
 6 FCPATH/index.php(85): CodeIgniter\CodeIgniter->run()
CRITICAL - 2024-11-10 16:44:54 --> ErrorException: Undefined array key "expiresAt"
in APPPATH/Controllers/UserController.php on line 200.
 1 APPPATH/Controllers/UserController.php(200): CodeIgniter\Debug\Exceptions->errorHandler()
 2 APPPATH/Controllers/UserController.php(173): App\Controllers\UserController->isValidSession()
 3 SYSTEMPATH/CodeIgniter.php(941): App\Controllers\UserController->verifySession()
 4 SYSTEMPATH/CodeIgniter.php(502): CodeIgniter\CodeIgniter->runController()
 5 SYSTEMPATH/CodeIgniter.php(361): CodeIgniter\CodeIgniter->handleRequest()
 6 FCPATH/index.php(85): CodeIgniter\CodeIgniter->run()
CRITICAL - 2024-11-10 16:44:58 --> ErrorException: Undefined array key "expiresAt"
in APPPATH/Controllers/UserController.php on line 200.
 1 APPPATH/Controllers/UserController.php(200): CodeIgniter\Debug\Exceptions->errorHandler()
 2 APPPATH/Controllers/UserController.php(173): App\Controllers\UserController->isValidSession()
 3 SYSTEMPATH/CodeIgniter.php(941): App\Controllers\UserController->verifySession()
 4 SYSTEMPATH/CodeIgniter.php(502): CodeIgniter\CodeIgniter->runController()
 5 SYSTEMPATH/CodeIgniter.php(361): CodeIgniter\CodeIgniter->handleRequest()
 6 FCPATH/index.php(85): CodeIgniter\CodeIgniter->run()
CRITICAL - 2024-11-10 16:45:13 --> ErrorException: Undefined array key "expiresAt"
in APPPATH/Controllers/UserController.php on line 200.
 1 APPPATH/Controllers/UserController.php(200): CodeIgniter\Debug\Exceptions->errorHandler()
 2 APPPATH/Controllers/UserController.php(173): App\Controllers\UserController->isValidSession()
 3 SYSTEMPATH/CodeIgniter.php(941): App\Controllers\UserController->verifySession()
 4 SYSTEMPATH/CodeIgniter.php(502): CodeIgniter\CodeIgniter->runController()
 5 SYSTEMPATH/CodeIgniter.php(361): CodeIgniter\CodeIgniter->handleRequest()
 6 FCPATH/index.php(85): CodeIgniter\CodeIgniter->run()
CRITICAL - 2024-11-10 16:45:19 --> ErrorException: Undefined array key "expiresAt"
in APPPATH/Controllers/UserController.php on line 200.
 1 APPPATH/Controllers/UserController.php(200): CodeIgniter\Debug\Exceptions->errorHandler()
 2 APPPATH/Controllers/UserController.php(173): App\Controllers\UserController->isValidSession()
 3 SYSTEMPATH/CodeIgniter.php(941): App\Controllers\UserController->verifySession()
 4 SYSTEMPATH/CodeIgniter.php(502): CodeIgniter\CodeIgniter->runController()
 5 SYSTEMPATH/CodeIgniter.php(361): CodeIgniter\CodeIgniter->handleRequest()
 6 FCPATH/index.php(85): CodeIgniter\CodeIgniter->run()
CRITICAL - 2024-11-10 16:45:22 --> ErrorException: Undefined array key "expiresAt"
in APPPATH/Controllers/UserController.php on line 200.
 1 APPPATH/Controllers/UserController.php(200): CodeIgniter\Debug\Exceptions->errorHandler()
 2 APPPATH/Controllers/UserController.php(173): App\Controllers\UserController->isValidSession()
 3 SYSTEMPATH/CodeIgniter.php(941): App\Controllers\UserController->verifySession()
 4 SYSTEMPATH/CodeIgniter.php(502): CodeIgniter\CodeIgniter->runController()
 5 SYSTEMPATH/CodeIgniter.php(361): CodeIgniter\CodeIgniter->handleRequest()
 6 FCPATH/index.php(85): CodeIgniter\CodeIgniter->run()
CRITICAL - 2024-11-10 16:46:59 --> ErrorException: Undefined array key "expiresAt"
in APPPATH/Controllers/UserController.php on line 200.
 1 APPPATH/Controllers/UserController.php(200): CodeIgniter\Debug\Exceptions->errorHandler()
 2 APPPATH/Controllers/UserController.php(173): App\Controllers\UserController->isValidSession()
 3 SYSTEMPATH/CodeIgniter.php(941): App\Controllers\UserController->verifySession()
 4 SYSTEMPATH/CodeIgniter.php(502): CodeIgniter\CodeIgniter->runController()
 5 SYSTEMPATH/CodeIgniter.php(361): CodeIgniter\CodeIgniter->handleRequest()
 6 FCPATH/index.php(85): CodeIgniter\CodeIgniter->run()
CRITICAL - 2024-11-10 16:47:03 --> ErrorException: Undefined array key "expiresAt"
in APPPATH/Controllers/UserController.php on line 200.
 1 APPPATH/Controllers/UserController.php(200): CodeIgniter\Debug\Exceptions->errorHandler()
 2 APPPATH/Controllers/UserController.php(173): App\Controllers\UserController->isValidSession()
 3 SYSTEMPATH/CodeIgniter.php(941): App\Controllers\UserController->verifySession()
 4 SYSTEMPATH/CodeIgniter.php(502): CodeIgniter\CodeIgniter->runController()
 5 SYSTEMPATH/CodeIgniter.php(361): CodeIgniter\CodeIgniter->handleRequest()
 6 FCPATH/index.php(85): CodeIgniter\CodeIgniter->run()
CRITICAL - 2024-11-10 16:47:27 --> ErrorException: Undefined array key "expiresAt"
in APPPATH/Controllers/UserController.php on line 200.
 1 APPPATH/Controllers/UserController.php(200): CodeIgniter\Debug\Exceptions->errorHandler()
 2 APPPATH/Controllers/UserController.php(173): App\Controllers\UserController->isValidSession()
 3 SYSTEMPATH/CodeIgniter.php(941): App\Controllers\UserController->verifySession()
 4 SYSTEMPATH/CodeIgniter.php(502): CodeIgniter\CodeIgniter->runController()
 5 SYSTEMPATH/CodeIgniter.php(361): CodeIgniter\CodeIgniter->handleRequest()
 6 FCPATH/index.php(85): CodeIgniter\CodeIgniter->run()
CRITICAL - 2024-11-10 16:47:57 --> ErrorException: Undefined array key "expiresAt"
in APPPATH/Controllers/UserController.php on line 200.
 1 APPPATH/Controllers/UserController.php(200): CodeIgniter\Debug\Exceptions->errorHandler()
 2 APPPATH/Controllers/UserController.php(173): App\Controllers\UserController->isValidSession()
 3 SYSTEMPATH/CodeIgniter.php(941): App\Controllers\UserController->verifySession()
 4 SYSTEMPATH/CodeIgniter.php(502): CodeIgniter\CodeIgniter->runController()
 5 SYSTEMPATH/CodeIgniter.php(361): CodeIgniter\CodeIgniter->handleRequest()
 6 FCPATH/index.php(85): CodeIgniter\CodeIgniter->run()
CRITICAL - 2024-11-10 17:20:38 --> ErrorException: Undefined array key "expiresAt"
in APPPATH/Controllers/UserController.php on line 200.
 1 APPPATH/Controllers/UserController.php(200): CodeIgniter\Debug\Exceptions->errorHandler()
 2 APPPATH/Controllers/UserController.php(173): App\Controllers\UserController->isValidSession()
 3 SYSTEMPATH/CodeIgniter.php(941): App\Controllers\UserController->verifySession()
 4 SYSTEMPATH/CodeIgniter.php(502): CodeIgniter\CodeIgniter->runController()
 5 SYSTEMPATH/CodeIgniter.php(361): CodeIgniter\CodeIgniter->handleRequest()
 6 FCPATH/index.php(85): CodeIgniter\CodeIgniter->run()
CRITICAL - 2024-11-10 17:38:04 --> ErrorException: Undefined array key "expiresAt"
in APPPATH/Controllers/UserController.php on line 200.
 1 APPPATH/Controllers/UserController.php(200): CodeIgniter\Debug\Exceptions->errorHandler()
 2 APPPATH/Controllers/UserController.php(173): App\Controllers\UserController->isValidSession()
 3 SYSTEMPATH/CodeIgniter.php(941): App\Controllers\UserController->verifySession()
 4 SYSTEMPATH/CodeIgniter.php(502): CodeIgniter\CodeIgniter->runController()
 5 SYSTEMPATH/CodeIgniter.php(361): CodeIgniter\CodeIgniter->handleRequest()
 6 FCPATH/index.php(85): CodeIgniter\CodeIgniter->run()
CRITICAL - 2024-11-10 17:45:53 --> ErrorException: Undefined array key "expiresAt"
in APPPATH/Controllers/UserController.php on line 200.
 1 APPPATH/Controllers/UserController.php(200): CodeIgniter\Debug\Exceptions->errorHandler()
 2 APPPATH/Controllers/UserController.php(173): App\Controllers\UserController->isValidSession()
 3 SYSTEMPATH/CodeIgniter.php(941): App\Controllers\UserController->verifySession()
 4 SYSTEMPATH/CodeIgniter.php(502): CodeIgniter\CodeIgniter->runController()
 5 SYSTEMPATH/CodeIgniter.php(361): CodeIgniter\CodeIgniter->handleRequest()
 6 FCPATH/index.php(85): CodeIgniter\CodeIgniter->run()
CRITICAL - 2024-11-10 17:50:37 --> ErrorException: Undefined array key "expiresAt"
in APPPATH/Controllers/UserController.php on line 200.
 1 APPPATH/Controllers/UserController.php(200): CodeIgniter\Debug\Exceptions->errorHandler()
 2 APPPATH/Controllers/UserController.php(173): App\Controllers\UserController->isValidSession()
 3 SYSTEMPATH/CodeIgniter.php(941): App\Controllers\UserController->verifySession()
 4 SYSTEMPATH/CodeIgniter.php(502): CodeIgniter\CodeIgniter->runController()
 5 SYSTEMPATH/CodeIgniter.php(361): CodeIgniter\CodeIgniter->handleRequest()
 6 FCPATH/index.php(85): CodeIgniter\CodeIgniter->run()
